#
# A fatal error has been detected by the Java Runtime Environment:
#
#  EXCEPTION_ACCESS_VIOLATION (0xc0000005) at pc=0x00007ffc6fd6d536, pid=2076, tid=8540
#
# JRE version: Java(TM) SE Runtime Environment (21.0.6+8) (build 21.0.6+8-LTS-188)
# Java VM: Java HotSpot(TM) 64-Bit Server VM (21.0.6+8-LTS-188, mixed mode, emulated-client, sharing, tiered, compressed oops, compressed class ptrs, g1 gc, windows-amd64)
# Problematic frame:
# V  [jvm.dll+0x13d536]
#
# No core dump will be written. Minidumps are not enabled by default on client versions of Windows
#
# If you would like to submit a bug report, please visit:
#   https://bugreport.java.com/bugreport/crash.jsp
#

---------------  S U M M A R Y ------------

Command Line: -XX:+ShowCodeDetailsInExceptionMessages -agentlib:jdwp=transport=dt_socket,suspend=y,address=localhost:57994 -Dcom.sun.management.jmxremote -Dcom.sun.management.jmxremote.port=57993 -Dcom.sun.management.jmxremote.authenticate=false -Dcom.sun.management.jmxremote.ssl=false -Djava.rmi.server.hostname=localhost -Dspring.jmx.enabled=true -Dmanagement.endpoints.jmx.exposure.include=* -Dspring.application.admin.enabled=true -Dspring.output.ansi.enabled=always -XX:TieredStopAtLevel=1 -Dspring.boot.project.name=hro-admin-restfull-webservice -javaagent:C:\Users\Bot_25\Desktop\sts-4.22.1.RELEASE\configuration\org.eclipse.osgi\880\0\.cp\lib\javaagent-shaded.jar -Dfile.encoding=UTF-8 -Dstdout.encoding=UTF-8 -Dstderr.encoding=UTF-8 com.eos.admin.HroAdminRestfullWebserviceApplication

Host: Intel(R) Pentium(R) CPU G3250T @ 2.80GHz, 2 cores, 7G,  Windows 10 , 64 bit Build 19041 (10.0.19041.5438)
Time: Fri May 30 10:11:06 2025 India Standard Time elapsed time: 85873.091131 seconds (0d 23h 51m 13s)

---------------  T H R E A D  ---------------

Current thread (0x0000016c8f32f0a0):  WorkerThread "GC Thread#0"    [id=8540, stack(0x0000000505500000,0x0000000505600000) (1024K)]

Stack: [0x0000000505500000,0x0000000505600000],  sp=0x00000005055fddd8,  free space=1015k
Native frames: (J=compiled Java code, j=interpreted, Vv=VM code, C=native code)
V  [jvm.dll+0x13d536]

JavaThread 0x0000016ce78deef0 (nid = 9452) was being processed
Java frames: (J=compiled Java code, j=interpreted, Vv=VM code)
j  java.lang.invoke.DirectMethodHandle$Holder.newInvokeSpecial(Ljava/lang/Object;Ljava/lang/Object;)Ljava/lang/Object;+16 java.base@21.0.6
J 47175 c1 java.lang.invoke.LambdaForm$MH+0x0000016ca0d19000.invoke(Ljava/lang/Object;Ljava/lang/Object;)Ljava/lang/Object; java.base@21.0.6 (35 bytes) @ 0x0000016c989f3ae4 [0x0000016c989f39e0+0x0000000000000104]
J 928 c1 jdk.internal.reflect.DirectConstructorHandleAccessor.newInstance([Ljava/lang/Object;)Ljava/lang/Object; java.base@21.0.6 (130 bytes) @ 0x0000016c97a5356c [0x0000016c97a53360+0x000000000000020c]
J 927 c1 java.lang.reflect.Constructor.newInstanceWithCaller([Ljava/lang/Object;ZLjava/lang/Class;)Ljava/lang/Object; java.base@21.0.6 (51 bytes) @ 0x0000016c97a51c3c [0x0000016c97a51b60+0x00000000000000dc]
J 34709 c1 org.springframework.beans.BeanUtils.instantiateClass(Ljava/lang/reflect/Constructor;[Ljava/lang/Object;)Ljava/lang/Object; (208 bytes) @ 0x0000016c97f3db74 [0x0000016c97f3d680+0x00000000000004f4]
J 40392 c1 org.springframework.beans.factory.support.ConstructorResolver.instantiate(Ljava/lang/String;Lorg/springframework/beans/factory/support/RootBeanDefinition;Ljava/lang/reflect/Constructor;[Ljava/lang/Object;)Ljava/lang/Object; (48 bytes) @ 0x0000016c98e3493c [0x0000016c98e34820+0x000000000000011c]
J 40294 c1 org.springframework.beans.factory.support.ConstructorResolver.autowireConstructor(Ljava/lang/String;Lorg/springframework/beans/factory/support/RootBeanDefinition;[Ljava/lang/reflect/Constructor;[Ljava/lang/Object;)Lorg/springframework/beans/BeanWrapper; (909 bytes) @ 0x0000016c98bd2ce4 [0x0000016c98bd1280+0x0000000000001a64]
J 36181 c1 org.springframework.beans.factory.support.AbstractAutowireCapableBeanFactory.createBeanInstance(Ljava/lang/String;Lorg/springframework/beans/factory/support/RootBeanDefinition;[Ljava/lang/Object;)Lorg/springframework/beans/BeanWrapper; (241 bytes) @ 0x0000016c97a4318c [0x0000016c97a42c00+0x000000000000058c]
J 39914 c1 org.springframework.beans.factory.support.AbstractAutowireCapableBeanFactory.doCreateBean(Ljava/lang/String;Lorg/springframework/beans/factory/support/RootBeanDefinition;[Ljava/lang/Object;)Ljava/lang/Object; (469 bytes) @ 0x0000016c98b4abc4 [0x0000016c98b4aa20+0x00000000000001a4]
J 39913 c1 org.springframework.beans.factory.support.AbstractAutowireCapableBeanFactory.createBean(Ljava/lang/String;Lorg/springframework/beans/factory/support/RootBeanDefinition;[Ljava/lang/Object;)Ljava/lang/Object; (214 bytes) @ 0x0000016c98b4db1c [0x0000016c98b4d640+0x00000000000004dc]
J 39911 c1 org.springframework.beans.factory.support.AbstractBeanFactory$$Lambda+0x0000016ca0268d20.getObject()Ljava/lang/Object; (20 bytes) @ 0x0000016c98b4f82c [0x0000016c98b4f7a0+0x000000000000008c]
J 39909 c1 org.springframework.beans.factory.support.DefaultSingletonBeanRegistry.getSingleton(Ljava/lang/String;Lorg/springframework/beans/factory/ObjectFactory;)Ljava/lang/Object; (279 bytes) @ 0x0000016c98b50924 [0x0000016c98b505e0+0x0000000000000344]
J 34576 c1 org.springframework.beans.factory.support.AbstractBeanFactory.doGetBean(Ljava/lang/String;Ljava/lang/Class;[Ljava/lang/Object;Z)Ljava/lang/Object; (714 bytes) @ 0x0000016c97e75f14 [0x0000016c97e758e0+0x0000000000000634]
J 39351 c1 org.springframework.beans.factory.support.AbstractBeanFactory.getBean(Ljava/lang/String;)Ljava/lang/Object; (9 bytes) @ 0x0000016c988a9cb4 [0x0000016c988a9c40+0x0000000000000074]
j  org.springframework.beans.factory.support.DefaultListableBeanFactory.preInstantiateSingletons()V+152
j  org.springframework.context.support.AbstractApplicationContext.finishBeanFactoryInitialization(Lorg/springframework/beans/factory/config/ConfigurableListableBeanFactory;)V+130
j  org.springframework.context.support.AbstractApplicationContext.refresh()V+86
j  org.springframework.boot.web.servlet.context.ServletWebServerApplicationContext.refresh()V+1
j  org.springframework.boot.SpringApplication.refresh(Lorg/springframework/context/ConfigurableApplicationContext;)V+1
j  org.springframework.boot.SpringApplication.refreshContext(Lorg/springframework/context/ConfigurableApplicationContext;)V+16
j  org.springframework.boot.SpringApplication.run([Ljava/lang/String;)Lorg/springframework/context/ConfigurableApplicationContext;+114
j  org.springframework.boot.SpringApplication.run([Ljava/lang/Class;[Ljava/lang/String;)Lorg/springframework/context/ConfigurableApplicationContext;+9
j  org.springframework.boot.SpringApplication.run(Ljava/lang/Class;[Ljava/lang/String;)Lorg/springframework/context/ConfigurableApplicationContext;+9
j  com.eos.admin.HroAdminRestfullWebserviceApplication.main([Ljava/lang/String;)V+3
j  java.lang.invoke.LambdaForm$DMH+0x0000016ca0004c00.invokeStatic(Ljava/lang/Object;Ljava/lang/Object;)V+10 java.base@21.0.6
j  java.lang.invoke.LambdaForm$MH+0x0000016ca0db6c00.invoke(Ljava/lang/Object;Ljava/lang/Object;Ljava/lang/Object;)Ljava/lang/Object;+33 java.base@21.0.6
J 4743 c1 jdk.internal.reflect.DirectMethodHandleAccessor.invoke(Ljava/lang/Object;[Ljava/lang/Object;)Ljava/lang/Object; java.base@21.0.6 (92 bytes) @ 0x0000016c9810a51c [0x0000016c9810a1c0+0x000000000000035c]
J 35754 c1 java.lang.reflect.Method.invoke(Ljava/lang/Object;[Ljava/lang/Object;)Ljava/lang/Object; java.base@21.0.6 (108 bytes) @ 0x0000016c97aee774 [0x0000016c97aee580+0x00000000000001f4]
j  org.springframework.boot.devtools.restart.RestartLauncher.run()V+47
v  ~StubRoutines::call_stub 0x0000016c97731015

siginfo: EXCEPTION_ACCESS_VIOLATION (0xc0000005), reading address 0x0000016d3e72e690


Registers:
RAX=0x0000000000000000, RBX=0x0000000000000000, RCX=0x00000005071fd868, RDX=0x00000005071fd868
RSP=0x00000005055fddd8, RBP=0x00000005055fdfb0, RSI=0x00000005055fe180, RDI=0x00000005071fd868
R8 =0x0000016d3e72e688, R9 =0x00000005071fd868, R10=0x00000005071fd868, R11=0x00000005055fe028
R12=0x0000016c9f544ba0, R13=0x0000016d3e72e688, R14=0x00000005071fd868, R15=0x0000016ce7e5d5f0
RIP=0x00007ffc6fd6d536, EFLAGS=0x0000000000010206


Register to memory mapping:

RAX=0x0 is null
RBX=0x0 is null
RCX=0x00000005071fd868 is pointing into the stack for thread: 0x0000016ce78deef0
RDX=0x00000005071fd868 is pointing into the stack for thread: 0x0000016ce78deef0
RSP=0x00000005055fddd8 points into unknown readable memory: 0x00007ffc6ff859db | db 59 f8 6f fc 7f 00 00
RBP=0x00000005055fdfb0 points into unknown readable memory: 0x00000005055fe180 | 80 e1 5f 05 05 00 00 00
RSI=0x00000005055fe180 points into unknown readable memory: 0x00000005071fd858 | 58 d8 1f 07 05 00 00 00
RDI=0x00000005071fd868 is pointing into the stack for thread: 0x0000016ce78deef0
R8 =0x0000016d3e72e688 is an unknown value
R9 =0x00000005071fd868 is pointing into the stack for thread: 0x0000016ce78deef0
R10=0x00000005071fd868 is pointing into the stack for thread: 0x0000016ce78deef0
R11=0x00000005055fe028 points into unknown readable memory: 0x00007ffc6ff4243d | 3d 24 f4 6f fc 7f 00 00
R12=0x0000016c9f544ba0 is pointing into metadata
R13=0x0000016d3e72e688 is an unknown value
R14=0x00000005071fd868 is pointing into the stack for thread: 0x0000016ce78deef0
R15=0x0000016ce7e5d5f0 points into unknown readable memory: 0x00007ffc70608578 | 78 85 60 70 fc 7f 00 00

Top of Stack: (sp=0x00000005055fddd8)
0x00000005055fddd8:   00007ffc6ff859db 0000000000000000
0x00000005055fdde8:   0000000000000004 0000000000000322
0x00000005055fddf8:   00007ffc702e92bf 0000000000000322
0x00000005055fde08:   000000000000001e 0000000000000001
0x00000005055fde18:   00007ffc703740a1 0000016ce7e60f88
0x00000005055fde28:   00000005055fde88 00000005053ff5e0
0x00000005055fde38:   0000000000000000 0000016c8d031760
0x00000005055fde48:   0000016c8f2e9360 0000016c9f544ba0
0x00000005055fde58:   0000016ce7f63d78 00000005055fe180
0x00000005055fde68:   00000005055fdfb0 00000005071fd868
0x00000005055fde78:   00007ffc6ff94088 00000005055fdf40
0x00000005055fde88:   00000005055fe180 0000016c9f480090
0x00000005055fde98:   0000000000000000 0000016ce7f63d78
0x00000005055fdea8:   00007ffc6ff429eb 0000000000000002
0x00000005055fdeb8:   0000016c9f0b6410 0000016ce7f63d78
0x00000005055fdec8:   00000005055fe180 00000010986c9101
0x00000005055fded8:   0000016c9f0b6410 0000016c8f32f0a0
0x00000005055fdee8:   0000016c00000004 00000000000003d8
0x00000005055fdef8:   0000016c8f2e9370 0000016c8f2e9748
0x00000005055fdf08:   0000016c9f72e688 00000005000000b8
0x00000005055fdf18:   0000016c9f0b6410 00007ffc705ffa20
0x00000005055fdf28:   00000005055fe180 0000016ce7f63d78
0x00000005055fdf38:   0000000300000003 0000016c9f544ba0
0x00000005055fdf48:   0000001300000001 0000000000000044
0x00000005055fdf58:   000000010000000c 0000016c9f480090
0x00000005055fdf68:   0000000000000000 0000016cec27e444
0x00000005055fdf78:   0000646200000006 0000000500000003
0x00000005055fdf88:   0000ffff0968e000 0000016ce4388cb0
0x00000005055fdf98:   0000016ce7f63d78 00000000000003d8
0x00000005055fdfa8:   0000016c8f2e9748 00000005055fe180
0x00000005055fdfb8:   0000016ce7f63e20 00000005053ff8a8
0x00000005055fdfc8:   00007ffc6ff940e2 0000646252b9e90b 

Instructions: (pc=0x00007ffc6fd6d536)
0x00007ffc6fd6d436:   4c 63 c0 41 8b c1 48 c1 f8 10 48 63 14 19 41 8b
0x00007ffc6fd6d446:   c9 83 e1 3f 48 d3 e2 0f b6 c8 49 8d 04 10 49 f7
0x00007ffc6fd6d456:   d0 48 03 c8 49 c1 e8 03 48 c1 e9 03 49 23 c8 eb
0x00007ffc6fd6d466:   12 49 8b 00 48 8b d3 49 8b c8 ff 90 00 01 00 00
0x00007ffc6fd6d476:   48 8b c8 48 89 1f 48 8b c7 48 8b 5c 24 30 48 89
0x00007ffc6fd6d486:   4f 08 48 83 c4 20 5f c3 cc cc 0f b6 05 03 11 a8
0x00007ffc6fd6d496:   00 48 8b d1 84 c0 74 16 44 8b 41 08 8b 0d d0 fa
0x00007ffc6fd6d4a6:   a7 00 49 d3 e0 4c 03 05 be fa a7 00 eb 04 4c 8b
0x00007ffc6fd6d4b6:   41 08 45 8b 48 08 45 85 c9 7e 0e 41 f6 c1 01 75
0x00007ffc6fd6d4c6:   53 41 c1 f9 03 49 63 c1 c3 79 49 84 c0 41 b8 0c
0x00007ffc6fd6d4d6:   00 00 00 8b 05 d9 0b a8 00 b9 10 00 00 00 41 0f
0x00007ffc6fd6d4e6:   45 c8 ff c8 4c 63 c0 41 8b c1 48 c1 f8 10 0f b6
0x00007ffc6fd6d4f6:   c0 48 63 14 11 41 8b c9 83 e1 3f 48 d3 e2 49 8d
0x00007ffc6fd6d506:   0c 10 49 f7 d0 48 03 c1 49 c1 e8 03 48 c1 e8 03
0x00007ffc6fd6d516:   49 23 c0 c3 49 8b 00 49 8b c8 48 ff a0 00 01 00
0x00007ffc6fd6d526:   00 cc cc cc cc cc cc cc cc cc 4c 8b c2 48 8b d1
0x00007ffc6fd6d536:   45 8b 48 08 45 85 c9 7e 0e 41 f6 c1 01 75 56 41
0x00007ffc6fd6d546:   c1 f9 03 49 63 c1 c3 79 4c 80 3d 44 10 a8 00 00
0x00007ffc6fd6d556:   b8 0c 00 00 00 b9 10 00 00 00 0f 45 c8 8b 05 4f
0x00007ffc6fd6d566:   0b a8 00 ff c8 4c 63 c0 41 8b c1 48 c1 f8 10 48
0x00007ffc6fd6d576:   63 14 11 41 8b c9 83 e1 3f 0f b6 c0 48 d3 e2 49
0x00007ffc6fd6d586:   8d 0c 10 49 f7 d0 48 03 c1 49 c1 e8 03 48 c1 e8
0x00007ffc6fd6d596:   03 49 23 c0 c3 49 8b 00 49 8b c8 48 ff a0 00 01
0x00007ffc6fd6d5a6:   00 00 cc cc cc cc cc cc cc cc 48 83 ec 28 ba 37
0x00007ffc6fd6d5b6:   00 00 00 48 8d 0d 88 96 85 00 e8 eb 05 14 00 cc
0x00007ffc6fd6d5c6:   cc cc cc cc cc cc cc cc cc cc 40 53 48 83 ec 20
0x00007ffc6fd6d5d6:   48 8b d9 49 8b c0 33 c9 45 0f b6 c1 48 89 0b 48
0x00007ffc6fd6d5e6:   89 4b 08 48 8b cb 48 89 53 10 48 8b d0 e8 a8 09
0x00007ffc6fd6d5f6:   00 00 48 8b c3 48 83 c4 20 5b c3 cc cc cc cc cc
0x00007ffc6fd6d606:   cc cc cc cc cc cc cc cc cc cc 40 53 48 83 ec 20
0x00007ffc6fd6d616:   33 c0 44 88 41 10 45 0f b6 c1 48 89 01 48 89 41
0x00007ffc6fd6d626:   08 48 8b d9 e8 81 0a 00 00 48 8b c3 48 83 c4 20 


Stack slot to memory mapping:

stack at sp + 0 slots: 0x00007ffc6ff859db jvm.dll
stack at sp + 1 slots: 0x0 is null
stack at sp + 2 slots: 0x0000000000000004 is an unknown value
stack at sp + 3 slots: 0x0000000000000322 is an unknown value
stack at sp + 4 slots: 0x00007ffc702e92bf jvm.dll
stack at sp + 5 slots: 0x0000000000000322 is an unknown value
stack at sp + 6 slots: 0x000000000000001e is an unknown value
stack at sp + 7 slots: 0x0000000000000001 is an unknown value


---------------  P R O C E S S  ---------------

Threads class SMR info:
_java_thread_list=0x0000016ce5ee32f0, length=30, elements={
0x0000016c9edb63f0, 0x0000016c9edb7100, 0x0000016c9edb9e20, 0x0000016c9edbbb00,
0x0000016c9edbc550, 0x0000016c9edbcfa0, 0x0000016c9edbd9f0, 0x0000016c9ed85f20,
0x0000016ce414baa0, 0x0000016ce4169880, 0x0000016ce4169fd0, 0x0000016ce4a89330,
0x0000016ce4c03010, 0x0000016ce4c0cdd0, 0x0000016ce4c3eed0, 0x0000016ce50c3310,
0x0000016ce517f040, 0x0000016ce51ce2b0, 0x0000016ce523b4e0, 0x0000016ce78dc790,
0x0000016ce78dc100, 0x0000016ce7b9cab0, 0x0000016ce78df580, 0x0000016ce78dce20,
0x0000016ce78e0fc0, 0x0000016ce78deef0, 0x0000016ce78e1650, 0x0000016ce78db3e0,
0x0000016ce78dba70, 0x0000016ce78dfc10
}

Java Threads: ( => current thread )
  0x0000016c9edb63f0 JavaThread "Reference Handler"          daemon [_thread_blocked, id=376, stack(0x0000000505c00000,0x0000000505d00000) (1024K)]
  0x0000016c9edb7100 JavaThread "Finalizer"                  daemon [_thread_blocked, id=10316, stack(0x0000000505d00000,0x0000000505e00000) (1024K)]
  0x0000016c9edb9e20 JavaThread "Signal Dispatcher"          daemon [_thread_blocked, id=7380, stack(0x0000000505e00000,0x0000000505f00000) (1024K)]
  0x0000016c9edbbb00 JavaThread "Attach Listener"            daemon [_thread_blocked, id=15792, stack(0x0000000505f00000,0x0000000506000000) (1024K)]
  0x0000016c9edbc550 JavaThread "Service Thread"             daemon [_thread_blocked, id=712, stack(0x0000000506000000,0x0000000506100000) (1024K)]
  0x0000016c9edbcfa0 JavaThread "Monitor Deflation Thread"   daemon [_thread_blocked, id=13016, stack(0x0000000506100000,0x0000000506200000) (1024K)]
  0x0000016c9edbd9f0 JavaThread "C1 CompilerThread0"         daemon [_thread_blocked, id=11828, stack(0x0000000506200000,0x0000000506300000) (1024K)]
  0x0000016c9ed85f20 JavaThread "Common-Cleaner"             daemon [_thread_blocked, id=14140, stack(0x0000000506300000,0x0000000506400000) (1024K)]
  0x0000016ce414baa0 JavaThread "JDWP Transport Listener: dt_socket" daemon [_thread_blocked, id=3340, stack(0x0000000506500000,0x0000000506600000) (1024K)]
  0x0000016ce4169880 JavaThread "JDWP Event Helper Thread"   daemon [_thread_blocked, id=13812, stack(0x0000000506600000,0x0000000506700000) (1024K)]
  0x0000016ce4169fd0 JavaThread "JDWP Command Reader"        daemon [_thread_in_native, id=13424, stack(0x0000000506700000,0x0000000506800000) (1024K)]
  0x0000016ce4a89330 JavaThread "Notification Thread"        daemon [_thread_blocked, id=3144, stack(0x0000000506900000,0x0000000506a00000) (1024K)]
  0x0000016ce4c03010 JavaThread "RMI TCP Accept-0"           daemon [_thread_in_native, id=12868, stack(0x0000000506a00000,0x0000000506b00000) (1024K)]
  0x0000016ce4c0cdd0 JavaThread "RMI TCP Accept-57993"       daemon [_thread_in_native, id=5516, stack(0x0000000506b00000,0x0000000506c00000) (1024K)]
  0x0000016ce4c3eed0 JavaThread "RMI TCP Accept-0"           daemon [_thread_in_native, id=11656, stack(0x0000000506c00000,0x0000000506d00000) (1024K)]
  0x0000016ce50c3310 JavaThread "RMI Scheduler(0)"           daemon [_thread_blocked, id=13728, stack(0x0000000506e00000,0x0000000506f00000) (1024K)]
  0x0000016ce517f040 JavaThread "RMI TCP Connection(idle)"   daemon [_thread_blocked, id=1172, stack(0x0000000506f00000,0x0000000507000000) (1024K)]
  0x0000016ce51ce2b0 JavaThread "JMX server connection timeout 30" daemon [_thread_blocked, id=13344, stack(0x0000000507000000,0x0000000507100000) (1024K)]
  0x0000016ce523b4e0 JavaThread "mysql-cj-abandoned-connection-cleanup" daemon [_thread_blocked, id=15520, stack(0x0000000507300000,0x0000000507400000) (1024K)]
  0x0000016ce78dc790 JavaThread "Live Reload Server"         daemon [_thread_in_native, id=11932, stack(0x0000000507b00000,0x0000000507c00000) (1024K)]
  0x0000016ce78dc100 JavaThread "DestroyJavaVM"                     [_thread_blocked, id=13608, stack(0x0000000505400000,0x0000000505500000) (1024K)]
  0x0000016ce7b9cab0 JavaThread "File Watcher"               daemon [_thread_blocked, id=18052, stack(0x0000000505300000,0x0000000505400000) (1024K)]
  0x0000016ce78df580 JavaThread "File Watcher"               daemon [_thread_blocked, id=12924, stack(0x0000000506d00000,0x0000000506e00000) (1024K)]
  0x0000016ce78dce20 JavaThread "File Watcher"               daemon [_thread_blocked, id=11268, stack(0x0000000507200000,0x0000000507300000) (1024K)]
  0x0000016ce78e0fc0 JavaThread "Thread-52"                         [_thread_blocked, id=16680, stack(0x0000000505100000,0x0000000505200000) (1024K)]
  0x0000016ce78deef0 JavaThread "restartedMain"                     [_thread_blocked, id=9452, stack(0x0000000507100000,0x0000000507200000) (1024K)]
  0x0000016ce78e1650 JavaThread "HikariPool-15 housekeeper"  daemon [_thread_blocked, id=16440, stack(0x0000000505200000,0x0000000505300000) (1024K)]
  0x0000016ce78db3e0 JavaThread "Catalina-utility-1"                [_thread_blocked, id=8476, stack(0x0000000507600000,0x0000000507700000) (1024K)]
  0x0000016ce78dba70 JavaThread "Catalina-utility-2"                [_thread_blocked, id=16656, stack(0x0000000507700000,0x0000000507800000) (1024K)]
  0x0000016ce78dfc10 JavaThread "container-3"                       [_thread_blocked, id=17268, stack(0x0000000507800000,0x0000000507900000) (1024K)]
Total: 30

Other Threads:
  0x0000016c9ed96880 VMThread "VM Thread"                           [id=12844, stack(0x0000000505b00000,0x0000000505c00000) (1024K)]
  0x0000016c9ed84540 WatcherThread "VM Periodic Task Thread"        [id=12528, stack(0x0000000505a00000,0x0000000505b00000) (1024K)]
=>0x0000016c8f32f0a0 WorkerThread "GC Thread#0"                     [id=8540, stack(0x0000000505500000,0x0000000505600000) (1024K)]
  0x0000016ce438d040 WorkerThread "GC Thread#1"                     [id=13144, stack(0x0000000506800000,0x0000000506900000) (1024K)]
  0x0000016c8f340660 ConcurrentGCThread "G1 Main Marker"            [id=14060, stack(0x0000000505600000,0x0000000505700000) (1024K)]
  0x0000016c8f342080 WorkerThread "G1 Conc#0"                       [id=15436, stack(0x0000000505700000,0x0000000505800000) (1024K)]
  0x0000016c8f36e710 ConcurrentGCThread "G1 Refine#0"               [id=7896, stack(0x0000000505800000,0x0000000505900000) (1024K)]
  0x0000016c9ec47810 ConcurrentGCThread "G1 Service"                [id=5136, stack(0x0000000505900000,0x0000000505a00000) (1024K)]
Total: 8

Threads with active compile tasks:
Total: 0

VM state: at safepoint (normal execution)

VM Mutex/Monitor currently owned by a thread:  ([mutex/lock_event])
[0x00007ffc7086de98] Threads_lock - owner thread: 0x0000016c9ed96880
[0x00007ffc7086df98] Heap_lock - owner thread: 0x0000016ce7b9cab0

Heap address: 0x0000000081400000, size: 2028 MB, Compressed Oops mode: 32-bit

CDS archive(s) mapped at: [0x0000016c9f000000-0x0000016c9fc90000-0x0000016c9fc90000), size 13172736, SharedBaseAddress: 0x0000016c9f000000, ArchiveRelocationMode: 1.
Compressed class space mapped at: 0x0000016ca0000000-0x0000016ce0000000, reserved size: 1073741824
Narrow klass base: 0x0000016c9f000000, Narrow klass shift: 0, Narrow klass range: 0x100000000

GC Precious Log:
 CardTable entry size: 512
 Card Set container configuration: InlinePtr #cards 5 size 8 Array Of Cards #cards 12 size 40 Howl #buckets 4 coarsen threshold 1843 Howl Bitmap #cards 512 size 80 coarsen threshold 460 Card regions per heap region 1 cards per card region 2048
 CPUs: 2 total, 2 available
 Memory: 8109M
 Large Page Support: Disabled
 NUMA Support: Disabled
 Compressed Oops: Enabled (32-bit)
 Heap Region Size: 1M
 Heap Min Capacity: 8M
 Heap Initial Capacity: 128M
 Heap Max Capacity: 2028M
 Pre-touch: Disabled
 Parallel Workers: 2
 Concurrent Workers: 1
 Concurrent Refinement Workers: 2
 Periodic GC: Disabled

Heap:
 garbage-first heap   total 137216K, used 122378K [0x0000000081400000, 0x0000000100000000)
  region size 1024K, 75 young (76800K), 5 survivors (5120K)
 Metaspace       used 105170K, committed 106240K, reserved 1179648K
  class space    used 13732K, committed 14208K, reserved 1048576K

Heap Regions: E=young(eden), S=young(survivor), O=old, HS=humongous(starts), HC=humongous(continues), CS=collection set, F=free, TAMS=top-at-mark-start, PB=parsable bottom
|   0|0x0000000081400000, 0x0000000081500000, 0x0000000081500000|100%|HS|  |TAMS 0x0000000081400000| PB 0x0000000081400000| Complete 
|   1|0x0000000081500000, 0x00000000815ffff0, 0x0000000081600000| 99%| O|  |TAMS 0x0000000081500000| PB 0x0000000081500000| Untracked 
|   2|0x0000000081600000, 0x00000000816ffdb8, 0x0000000081700000| 99%| O|  |TAMS 0x0000000081600000| PB 0x0000000081600000| Untracked 
|   3|0x0000000081700000, 0x0000000081800000, 0x0000000081800000|100%| O|  |TAMS 0x0000000081700000| PB 0x0000000081700000| Untracked 
|   4|0x0000000081800000, 0x0000000081900000, 0x0000000081900000|100%| O|  |TAMS 0x0000000081800000| PB 0x0000000081800000| Untracked 
|   5|0x0000000081900000, 0x0000000081a00000, 0x0000000081a00000|100%| O|  |TAMS 0x0000000081900000| PB 0x0000000081900000| Untracked 
|   6|0x0000000081a00000, 0x0000000081b00000, 0x0000000081b00000|100%| O|  |TAMS 0x0000000081a00000| PB 0x0000000081a00000| Untracked 
|   7|0x0000000081b00000, 0x0000000081c00000, 0x0000000081c00000|100%| O|  |TAMS 0x0000000081b00000| PB 0x0000000081b00000| Untracked 
|   8|0x0000000081c00000, 0x0000000081cffff8, 0x0000000081d00000| 99%| O|  |TAMS 0x0000000081c00000| PB 0x0000000081c00000| Untracked 
|   9|0x0000000081d00000, 0x0000000081dffff0, 0x0000000081e00000| 99%| O|  |TAMS 0x0000000081d00000| PB 0x0000000081d00000| Untracked 
|  10|0x0000000081e00000, 0x0000000081effff8, 0x0000000081f00000| 99%| O|  |TAMS 0x0000000081e00000| PB 0x0000000081e00000| Untracked 
|  11|0x0000000081f00000, 0x0000000081fffef0, 0x0000000082000000| 99%| O|  |TAMS 0x0000000081f00000| PB 0x0000000081f00000| Untracked 
|  12|0x0000000082000000, 0x0000000082100000, 0x0000000082100000|100%| O|  |TAMS 0x0000000082000000| PB 0x0000000082000000| Untracked 
|  13|0x0000000082100000, 0x00000000821fffd8, 0x0000000082200000| 99%| O|  |TAMS 0x0000000082100000| PB 0x0000000082100000| Untracked 
|  14|0x0000000082200000, 0x0000000082300000, 0x0000000082300000|100%| O|  |TAMS 0x0000000082200000| PB 0x0000000082200000| Untracked 
|  15|0x0000000082300000, 0x00000000823fffc8, 0x0000000082400000| 99%| O|  |TAMS 0x0000000082300000| PB 0x0000000082300000| Untracked 
|  16|0x0000000082400000, 0x00000000824fffd8, 0x0000000082500000| 99%| O|  |TAMS 0x0000000082400000| PB 0x0000000082400000| Untracked 
|  17|0x0000000082500000, 0x00000000825fffc8, 0x0000000082600000| 99%| O|  |TAMS 0x0000000082500000| PB 0x0000000082500000| Untracked 
|  18|0x0000000082600000, 0x00000000826fd440, 0x0000000082700000| 98%| O|  |TAMS 0x0000000082600000| PB 0x0000000082600000| Untracked 
|  19|0x0000000082700000, 0x0000000082800000, 0x0000000082800000|100%| O|  |TAMS 0x0000000082700000| PB 0x0000000082700000| Untracked 
|  20|0x0000000082800000, 0x00000000828f9c48, 0x0000000082900000| 97%| O|  |TAMS 0x0000000082800000| PB 0x0000000082800000| Untracked 
|  21|0x0000000082900000, 0x00000000829ffff0, 0x0000000082a00000| 99%| O|  |TAMS 0x0000000082900000| PB 0x0000000082900000| Untracked 
|  22|0x0000000082a00000, 0x0000000082b00000, 0x0000000082b00000|100%| O|  |TAMS 0x0000000082a00000| PB 0x0000000082a00000| Untracked 
|  23|0x0000000082b00000, 0x0000000082c00000, 0x0000000082c00000|100%| O|  |TAMS 0x0000000082b00000| PB 0x0000000082b00000| Untracked 
|  24|0x0000000082c00000, 0x0000000082cffff0, 0x0000000082d00000| 99%| O|  |TAMS 0x0000000082c00000| PB 0x0000000082c00000| Untracked 
|  25|0x0000000082d00000, 0x0000000082e00000, 0x0000000082e00000|100%| O|  |TAMS 0x0000000082d00000| PB 0x0000000082d00000| Untracked 
|  26|0x0000000082e00000, 0x0000000082f00000, 0x0000000082f00000|100%| O|  |TAMS 0x0000000082e00000| PB 0x0000000082e00000| Untracked 
|  27|0x0000000082f00000, 0x0000000082ffffe8, 0x0000000083000000| 99%| O|  |TAMS 0x0000000082f00000| PB 0x0000000082f00000| Untracked 
|  28|0x0000000083000000, 0x00000000830fffe8, 0x0000000083100000| 99%| O|  |TAMS 0x0000000083000000| PB 0x0000000083000000| Untracked 
|  29|0x0000000083100000, 0x0000000083200000, 0x0000000083200000|100%| O|  |TAMS 0x0000000083100000| PB 0x0000000083100000| Untracked 
|  30|0x0000000083200000, 0x00000000832ffff0, 0x0000000083300000| 99%| O|  |TAMS 0x0000000083200000| PB 0x0000000083200000| Untracked 
|  31|0x0000000083300000, 0x00000000833fffa0, 0x0000000083400000| 99%| O|  |TAMS 0x0000000083300000| PB 0x0000000083300000| Untracked 
|  32|0x0000000083400000, 0x00000000834fffc0, 0x0000000083500000| 99%| O|  |TAMS 0x0000000083400000| PB 0x0000000083400000| Untracked 
|  33|0x0000000083500000, 0x0000000083600000, 0x0000000083600000|100%| O|  |TAMS 0x0000000083500000| PB 0x0000000083500000| Untracked 
|  34|0x0000000083600000, 0x00000000836ffff0, 0x0000000083700000| 99%| O|  |TAMS 0x0000000083600000| PB 0x0000000083600000| Untracked 
|  35|0x0000000083700000, 0x00000000837fffe0, 0x0000000083800000| 99%| O|  |TAMS 0x0000000083700000| PB 0x0000000083700000| Untracked 
|  36|0x0000000083800000, 0x00000000838fffe8, 0x0000000083900000| 99%| O|  |TAMS 0x0000000083800000| PB 0x0000000083800000| Untracked 
|  37|0x0000000083900000, 0x00000000839f7728, 0x0000000083a00000| 96%| O|  |TAMS 0x0000000083900000| PB 0x0000000083900000| Untracked 
|  38|0x0000000083a00000, 0x0000000083afffb0, 0x0000000083b00000| 99%| O|  |TAMS 0x0000000083a00000| PB 0x0000000083a00000| Untracked 
|  39|0x0000000083b00000, 0x0000000083bb0700, 0x0000000083c00000| 68%| O|  |TAMS 0x0000000083b00000| PB 0x0000000083b00000| Untracked 
|  40|0x0000000083c00000, 0x0000000083cfffe8, 0x0000000083d00000| 99%| O|  |TAMS 0x0000000083c00000| PB 0x0000000083c00000| Untracked 
|  41|0x0000000083d00000, 0x0000000083e00000, 0x0000000083e00000|100%| O|  |TAMS 0x0000000083d00000| PB 0x0000000083d00000| Untracked 
|  42|0x0000000083e00000, 0x0000000083e6efe8, 0x0000000083f00000| 43%| O|CS|TAMS 0x0000000083e00000| PB 0x0000000083e00000| Complete 
|  43|0x0000000083f00000, 0x0000000084000000, 0x0000000084000000|100%| O|  |TAMS 0x0000000083f00000| PB 0x0000000083f00000| Untracked 
|  44|0x0000000084000000, 0x0000000084100000, 0x0000000084100000|100%| O|  |TAMS 0x0000000084000000| PB 0x0000000084000000| Untracked 
|  45|0x0000000084100000, 0x0000000084200000, 0x0000000084200000|100%| O|  |TAMS 0x0000000084100000| PB 0x0000000084100000| Untracked 
|  46|0x0000000084200000, 0x0000000084300000, 0x0000000084300000|100%| O|  |TAMS 0x0000000084200000| PB 0x0000000084200000| Untracked 
|  47|0x0000000084300000, 0x0000000084300000, 0x0000000084400000|  0%| F|  |TAMS 0x0000000084300000| PB 0x0000000084300000| Untracked 
|  48|0x0000000084400000, 0x0000000084400000, 0x0000000084500000|  0%| F|  |TAMS 0x0000000084400000| PB 0x0000000084400000| Untracked 
|  49|0x0000000084500000, 0x0000000084500000, 0x0000000084600000|  0%| F|  |TAMS 0x0000000084500000| PB 0x0000000084500000| Untracked 
|  50|0x0000000084600000, 0x0000000084680000, 0x0000000084700000| 50%| E|CS|TAMS 0x0000000084600000| PB 0x0000000084600000| Complete 
|  51|0x0000000084700000, 0x0000000084800000, 0x0000000084800000|100%| E|CS|TAMS 0x0000000084700000| PB 0x0000000084700000| Complete 
|  52|0x0000000084800000, 0x0000000084900000, 0x0000000084900000|100%| E|CS|TAMS 0x0000000084800000| PB 0x0000000084800000| Complete 
|  53|0x0000000084900000, 0x0000000084a00000, 0x0000000084a00000|100%| E|CS|TAMS 0x0000000084900000| PB 0x0000000084900000| Complete 
|  54|0x0000000084a00000, 0x0000000084b00000, 0x0000000084b00000|100%| E|CS|TAMS 0x0000000084a00000| PB 0x0000000084a00000| Complete 
|  55|0x0000000084b00000, 0x0000000084b00000, 0x0000000084c00000|  0%| F|  |TAMS 0x0000000084b00000| PB 0x0000000084b00000| Untracked 
|  56|0x0000000084c00000, 0x0000000084c00000, 0x0000000084d00000|  0%| F|  |TAMS 0x0000000084c00000| PB 0x0000000084c00000| Untracked 
|  57|0x0000000084d00000, 0x0000000084d00000, 0x0000000084e00000|  0%| F|  |TAMS 0x0000000084d00000| PB 0x0000000084d00000| Untracked 
|  58|0x0000000084e00000, 0x0000000084e00000, 0x0000000084f00000|  0%| F|  |TAMS 0x0000000084e00000| PB 0x0000000084e00000| Untracked 
|  59|0x0000000084f00000, 0x0000000085000000, 0x0000000085000000|100%| S|  |TAMS 0x0000000084f00000| PB 0x0000000084f00000| Complete 
|  60|0x0000000085000000, 0x0000000085100000, 0x0000000085100000|100%| S|  |TAMS 0x0000000085000000| PB 0x0000000085000000| Complete 
|  61|0x0000000085100000, 0x0000000085200000, 0x0000000085200000|100%| S|  |TAMS 0x0000000085100000| PB 0x0000000085100000| Complete 
|  62|0x0000000085200000, 0x0000000085300000, 0x0000000085300000|100%| S|  |TAMS 0x0000000085200000| PB 0x0000000085200000| Complete 
|  63|0x0000000085300000, 0x0000000085400000, 0x0000000085400000|100%| S|  |TAMS 0x0000000085300000| PB 0x0000000085300000| Complete 
|  64|0x0000000085400000, 0x0000000085500000, 0x0000000085500000|100%| E|CS|TAMS 0x0000000085400000| PB 0x0000000085400000| Complete 
|  65|0x0000000085500000, 0x0000000085600000, 0x0000000085600000|100%| E|CS|TAMS 0x0000000085500000| PB 0x0000000085500000| Complete 
|  66|0x0000000085600000, 0x0000000085700000, 0x0000000085700000|100%| E|CS|TAMS 0x0000000085600000| PB 0x0000000085600000| Complete 
|  67|0x0000000085700000, 0x0000000085800000, 0x0000000085800000|100%| E|CS|TAMS 0x0000000085700000| PB 0x0000000085700000| Complete 
|  68|0x0000000085800000, 0x0000000085900000, 0x0000000085900000|100%| E|CS|TAMS 0x0000000085800000| PB 0x0000000085800000| Complete 
|  69|0x0000000085900000, 0x0000000085a00000, 0x0000000085a00000|100%| E|CS|TAMS 0x0000000085900000| PB 0x0000000085900000| Complete 
|  70|0x0000000085a00000, 0x0000000085b00000, 0x0000000085b00000|100%| E|CS|TAMS 0x0000000085a00000| PB 0x0000000085a00000| Complete 
|  71|0x0000000085b00000, 0x0000000085c00000, 0x0000000085c00000|100%| E|CS|TAMS 0x0000000085b00000| PB 0x0000000085b00000| Complete 
|  72|0x0000000085c00000, 0x0000000085d00000, 0x0000000085d00000|100%| E|CS|TAMS 0x0000000085c00000| PB 0x0000000085c00000| Complete 
|  73|0x0000000085d00000, 0x0000000085e00000, 0x0000000085e00000|100%| E|CS|TAMS 0x0000000085d00000| PB 0x0000000085d00000| Complete 
|  74|0x0000000085e00000, 0x0000000085f00000, 0x0000000085f00000|100%| E|CS|TAMS 0x0000000085e00000| PB 0x0000000085e00000| Complete 
|  75|0x0000000085f00000, 0x0000000086000000, 0x0000000086000000|100%| E|CS|TAMS 0x0000000085f00000| PB 0x0000000085f00000| Complete 
|  76|0x0000000086000000, 0x0000000086100000, 0x0000000086100000|100%| E|CS|TAMS 0x0000000086000000| PB 0x0000000086000000| Complete 
|  77|0x0000000086100000, 0x0000000086200000, 0x0000000086200000|100%| E|CS|TAMS 0x0000000086100000| PB 0x0000000086100000| Complete 
|  78|0x0000000086200000, 0x0000000086300000, 0x0000000086300000|100%| E|CS|TAMS 0x0000000086200000| PB 0x0000000086200000| Complete 
|  79|0x0000000086300000, 0x0000000086400000, 0x0000000086400000|100%| E|CS|TAMS 0x0000000086300000| PB 0x0000000086300000| Complete 
|  80|0x0000000086400000, 0x0000000086500000, 0x0000000086500000|100%| E|CS|TAMS 0x0000000086400000| PB 0x0000000086400000| Complete 
|  81|0x0000000086500000, 0x0000000086600000, 0x0000000086600000|100%| E|CS|TAMS 0x0000000086500000| PB 0x0000000086500000| Complete 
|  82|0x0000000086600000, 0x0000000086700000, 0x0000000086700000|100%| E|CS|TAMS 0x0000000086600000| PB 0x0000000086600000| Complete 
|  83|0x0000000086700000, 0x0000000086800000, 0x0000000086800000|100%| E|CS|TAMS 0x0000000086700000| PB 0x0000000086700000| Complete 
|  84|0x0000000086800000, 0x0000000086900000, 0x0000000086900000|100%| E|CS|TAMS 0x0000000086800000| PB 0x0000000086800000| Complete 
|  85|0x0000000086900000, 0x0000000086a00000, 0x0000000086a00000|100%| E|CS|TAMS 0x0000000086900000| PB 0x0000000086900000| Complete 
|  86|0x0000000086a00000, 0x0000000086b00000, 0x0000000086b00000|100%| E|CS|TAMS 0x0000000086a00000| PB 0x0000000086a00000| Complete 
|  87|0x0000000086b00000, 0x0000000086c00000, 0x0000000086c00000|100%| E|CS|TAMS 0x0000000086b00000| PB 0x0000000086b00000| Complete 
|  88|0x0000000086c00000, 0x0000000086d00000, 0x0000000086d00000|100%| E|CS|TAMS 0x0000000086c00000| PB 0x0000000086c00000| Complete 
|  89|0x0000000086d00000, 0x0000000086e00000, 0x0000000086e00000|100%| E|CS|TAMS 0x0000000086d00000| PB 0x0000000086d00000| Complete 
|  90|0x0000000086e00000, 0x0000000086f00000, 0x0000000086f00000|100%| E|CS|TAMS 0x0000000086e00000| PB 0x0000000086e00000| Complete 
|  91|0x0000000086f00000, 0x0000000087000000, 0x0000000087000000|100%| E|CS|TAMS 0x0000000086f00000| PB 0x0000000086f00000| Complete 
|  92|0x0000000087000000, 0x0000000087100000, 0x0000000087100000|100%| E|CS|TAMS 0x0000000087000000| PB 0x0000000087000000| Complete 
|  93|0x0000000087100000, 0x0000000087200000, 0x0000000087200000|100%| E|CS|TAMS 0x0000000087100000| PB 0x0000000087100000| Complete 
|  94|0x0000000087200000, 0x0000000087300000, 0x0000000087300000|100%| E|CS|TAMS 0x0000000087200000| PB 0x0000000087200000| Complete 
|  95|0x0000000087300000, 0x0000000087400000, 0x0000000087400000|100%| E|CS|TAMS 0x0000000087300000| PB 0x0000000087300000| Complete 
|  96|0x0000000087400000, 0x0000000087500000, 0x0000000087500000|100%| E|CS|TAMS 0x0000000087400000| PB 0x0000000087400000| Complete 
|  97|0x0000000087500000, 0x0000000087600000, 0x0000000087600000|100%| E|CS|TAMS 0x0000000087500000| PB 0x0000000087500000| Complete 
|  98|0x0000000087600000, 0x0000000087700000, 0x0000000087700000|100%| E|CS|TAMS 0x0000000087600000| PB 0x0000000087600000| Complete 
|  99|0x0000000087700000, 0x0000000087800000, 0x0000000087800000|100%| E|CS|TAMS 0x0000000087700000| PB 0x0000000087700000| Complete 
| 100|0x0000000087800000, 0x0000000087900000, 0x0000000087900000|100%| E|CS|TAMS 0x0000000087800000| PB 0x0000000087800000| Complete 
| 101|0x0000000087900000, 0x0000000087a00000, 0x0000000087a00000|100%| E|CS|TAMS 0x0000000087900000| PB 0x0000000087900000| Complete 
| 102|0x0000000087a00000, 0x0000000087b00000, 0x0000000087b00000|100%| E|CS|TAMS 0x0000000087a00000| PB 0x0000000087a00000| Complete 
| 103|0x0000000087b00000, 0x0000000087c00000, 0x0000000087c00000|100%| E|CS|TAMS 0x0000000087b00000| PB 0x0000000087b00000| Complete 
| 104|0x0000000087c00000, 0x0000000087d00000, 0x0000000087d00000|100%| E|CS|TAMS 0x0000000087c00000| PB 0x0000000087c00000| Complete 
| 105|0x0000000087d00000, 0x0000000087e00000, 0x0000000087e00000|100%| E|CS|TAMS 0x0000000087d00000| PB 0x0000000087d00000| Complete 
| 106|0x0000000087e00000, 0x0000000087f00000, 0x0000000087f00000|100%| E|CS|TAMS 0x0000000087e00000| PB 0x0000000087e00000| Complete 
| 107|0x0000000087f00000, 0x0000000088000000, 0x0000000088000000|100%| E|CS|TAMS 0x0000000087f00000| PB 0x0000000087f00000| Complete 
| 108|0x0000000088000000, 0x0000000088100000, 0x0000000088100000|100%| E|CS|TAMS 0x0000000088000000| PB 0x0000000088000000| Complete 
| 109|0x0000000088100000, 0x0000000088200000, 0x0000000088200000|100%| E|CS|TAMS 0x0000000088100000| PB 0x0000000088100000| Complete 
| 110|0x0000000088200000, 0x0000000088300000, 0x0000000088300000|100%| E|CS|TAMS 0x0000000088200000| PB 0x0000000088200000| Complete 
| 111|0x0000000088300000, 0x0000000088400000, 0x0000000088400000|100%| E|CS|TAMS 0x0000000088300000| PB 0x0000000088300000| Complete 
| 112|0x0000000088400000, 0x0000000088500000, 0x0000000088500000|100%| E|CS|TAMS 0x0000000088400000| PB 0x0000000088400000| Complete 
| 113|0x0000000088500000, 0x0000000088600000, 0x0000000088600000|100%| E|CS|TAMS 0x0000000088500000| PB 0x0000000088500000| Complete 
| 114|0x0000000088600000, 0x0000000088700000, 0x0000000088700000|100%| E|CS|TAMS 0x0000000088600000| PB 0x0000000088600000| Complete 
| 115|0x0000000088700000, 0x0000000088800000, 0x0000000088800000|100%| E|CS|TAMS 0x0000000088700000| PB 0x0000000088700000| Complete 
| 116|0x0000000088800000, 0x0000000088900000, 0x0000000088900000|100%| E|CS|TAMS 0x0000000088800000| PB 0x0000000088800000| Complete 
| 117|0x0000000088900000, 0x0000000088a00000, 0x0000000088a00000|100%| E|CS|TAMS 0x0000000088900000| PB 0x0000000088900000| Complete 
| 118|0x0000000088a00000, 0x0000000088b00000, 0x0000000088b00000|100%| E|CS|TAMS 0x0000000088a00000| PB 0x0000000088a00000| Complete 
| 119|0x0000000088b00000, 0x0000000088c00000, 0x0000000088c00000|100%| E|CS|TAMS 0x0000000088b00000| PB 0x0000000088b00000| Complete 
| 120|0x0000000088c00000, 0x0000000088d00000, 0x0000000088d00000|100%| E|CS|TAMS 0x0000000088c00000| PB 0x0000000088c00000| Complete 
| 121|0x0000000088d00000, 0x0000000088e00000, 0x0000000088e00000|100%| E|CS|TAMS 0x0000000088d00000| PB 0x0000000088d00000| Complete 
| 122|0x0000000088e00000, 0x0000000088f00000, 0x0000000088f00000|100%| E|CS|TAMS 0x0000000088e00000| PB 0x0000000088e00000| Complete 
| 123|0x0000000088f00000, 0x0000000089000000, 0x0000000089000000|100%| E|CS|TAMS 0x0000000088f00000| PB 0x0000000088f00000| Complete 
| 124|0x0000000089000000, 0x0000000089100000, 0x0000000089100000|100%| E|CS|TAMS 0x0000000089000000| PB 0x0000000089000000| Complete 
| 125|0x0000000089100000, 0x0000000089200000, 0x0000000089200000|100%| E|CS|TAMS 0x0000000089100000| PB 0x0000000089100000| Complete 
| 126|0x0000000089200000, 0x0000000089300000, 0x0000000089300000|100%| E|CS|TAMS 0x0000000089200000| PB 0x0000000089200000| Complete 
| 127|0x0000000089300000, 0x0000000089400000, 0x0000000089400000|100%| E|CS|TAMS 0x0000000089300000| PB 0x0000000089300000| Complete 
| 128|0x0000000089400000, 0x0000000089500000, 0x0000000089500000|100%| E|CS|TAMS 0x0000000089400000| PB 0x0000000089400000| Complete 
| 129|0x0000000089500000, 0x0000000089600000, 0x0000000089600000|100%| E|CS|TAMS 0x0000000089500000| PB 0x0000000089500000| Complete 
| 130|0x0000000089600000, 0x0000000089700000, 0x0000000089700000|100%| E|CS|TAMS 0x0000000089600000| PB 0x0000000089600000| Complete 
| 131|0x0000000089700000, 0x0000000089800000, 0x0000000089800000|100%| E|CS|TAMS 0x0000000089700000| PB 0x0000000089700000| Complete 
| 132|0x0000000089800000, 0x0000000089900000, 0x0000000089900000|100%| E|CS|TAMS 0x0000000089800000| PB 0x0000000089800000| Complete 
| 133|0x0000000089900000, 0x0000000089a00000, 0x0000000089a00000|100%| E|CS|TAMS 0x0000000089900000| PB 0x0000000089900000| Complete 

Card table byte_map: [0x0000016c9a730000,0x0000016c9ab30000] _byte_map_base: 0x0000016c9a326000

Marking Bits: (CMBitMap*) 0x0000016c8f32f6b0
 Bits: [0x0000016c9ab30000, 0x0000016c9cae0000)

Polling page: 0x0000016c8cf50000

Metaspace:

Usage:
  Non-class:     89.30 MB used.
      Class:     13.41 MB used.
       Both:    102.71 MB used.

Virtual space:
  Non-class space:      128.00 MB reserved,      89.88 MB ( 70%) committed,  2 nodes.
      Class space:        1.00 GB reserved,      13.88 MB (  1%) committed,  1 nodes.
             Both:        1.12 GB reserved,     103.75 MB (  9%) committed. 

Chunk freelists:
   Non-Class:  6.03 MB
       Class:  2.16 MB
        Both:  8.19 MB

MaxMetaspaceSize: unlimited
CompressedClassSpaceSize: 1.00 GB
Initial GC threshold: 21.00 MB
Current GC threshold: 171.81 MB
CDS: on
 - commit_granule_bytes: 65536.
 - commit_granule_words: 8192.
 - virtual_space_node_default_size: 8388608.
 - enlarge_chunks_in_place: 1.
 - use_allocation_guard: 0.


Internal statistics:

num_allocs_failed_limit: 9.
num_arena_births: 3880.
num_arena_deaths: 2584.
num_vsnodes_births: 3.
num_vsnodes_deaths: 0.
num_space_committed: 1660.
num_space_uncommitted: 0.
num_chunks_returned_to_freelist: 3090.
num_chunks_taken_from_freelist: 9624.
num_chunk_merges: 649.
num_chunk_splits: 5110.
num_chunks_enlarged: 3556.
num_inconsistent_stats: 0.

CodeCache: size=49152Kb used=23692Kb max_used=24684Kb free=25459Kb
 bounds [0x0000016c97730000, 0x0000016c99030000, 0x0000016c9a730000]
 total_blobs=11668 nmethods=10891 adapters=701
 compilation: enabled
              stopped_count=0, restarted_count=0
 full_count=0

Compilation events (20 events):
Event: 85698.149 Thread 0x0000016ce697d230 50850       1       org.springframework.data.repository.core.RepositoryInformationSupport::getReturnType (11 bytes)
Event: 85698.149 Thread 0x0000016ce697d230 nmethod 50850 0x0000016c98aec910 code [0x0000016c98aecac0, 0x0000016c98aecc48]
Event: 85698.150 Thread 0x0000016ce697d230 50851       1       org.springframework.data.repository.query.parser.Part::getType (5 bytes)
Event: 85698.151 Thread 0x0000016ce697d230 nmethod 50851 0x0000016c987a4090 code [0x0000016c987a4220, 0x0000016c987a42e8]
Event: 85698.151 Thread 0x0000016c9edbd9f0 50852       1       org.springframework.data.repository.query.ReturnedType::getDomainType (5 bytes)
Event: 85698.151 Thread 0x0000016c9edbd9f0 nmethod 50852 0x0000016c987ad010 code [0x0000016c987ad1a0, 0x0000016c987ad268]
Event: 85698.151 Thread 0x0000016ce697d230 50853       1       org.springframework.data.jpa.repository.query.ParameterBinderFactory::createQueryParameterSetter (49 bytes)
Event: 85698.151 Thread 0x0000016ce697d230 nmethod 50853 0x0000016c98a60490 code [0x0000016c98a60640, 0x0000016c98a60850]
Event: 85698.151 Thread 0x0000016c9edbd9f0 50854       1       org.springframework.data.jpa.repository.query.JpaParameters$JpaParameter::isTemporalParameter (20 bytes)
Event: 85698.152 Thread 0x0000016c9edbd9f0 nmethod 50854 0x0000016c9886e890 code [0x0000016c9886ea20, 0x0000016c9886eb48]
Event: 85698.152 Thread 0x0000016ce697d230 50855       1       org.springframework.data.jpa.repository.query.QueryParameterSetter$NamedOrIndexedQueryParameterSetter::<init> (26 bytes)
Event: 85698.152 Thread 0x0000016ce697d230 nmethod 50855 0x0000016c98ef3c10 code [0x0000016c98ef3dc0, 0x0000016c98ef4060]
Event: 85713.553 Thread 0x0000016c9edbd9f0 50856       1       org.springframework.boot.devtools.filewatch.ChangedFile::hashCode (19 bytes)
Event: 85713.553 Thread 0x0000016c9edbd9f0 nmethod 50856 0x0000016c98ac1190 code [0x0000016c98ac1360, 0x0000016c98ac1508]
Event: 85805.995 Thread 0x0000016c9edbd9f0 50858   !   1       org.apache.catalina.core.ContainerBase::backgroundProcess (168 bytes)
Event: 85805.998 Thread 0x0000016c9edbd9f0 nmethod 50858 0x0000016c989e5690 code [0x0000016c989e5920, 0x0000016c989e6328]
Event: 85805.998 Thread 0x0000016c9edbd9f0 50857   !   1       org.apache.catalina.core.ContainerBase$ContainerBackgroundProcessor::processChildren (202 bytes)
Event: 85806.002 Thread 0x0000016c9edbd9f0 nmethod 50857 0x0000016c98c4f410 code [0x0000016c98c4f760, 0x0000016c98c50ad0]
Event: 85806.002 Thread 0x0000016c9edbd9f0 50859       1       org.apache.catalina.core.StandardPipeline::getFirst (17 bytes)
Event: 85806.002 Thread 0x0000016c9edbd9f0 nmethod 50859 0x0000016c987ebc10 code [0x0000016c987ebda0, 0x0000016c987ebea0]

GC Heap History (20 events):
Event: 85459.471 GC heap after
{Heap after GC invocations=203 (full 9):
 garbage-first heap   total 137216K, used 67174K [0x0000000081400000, 0x0000000100000000)
  region size 1024K, 6 young (6144K), 6 survivors (6144K)
 Metaspace       used 102372K, committed 103424K, reserved 1179648K
  class space    used 13488K, committed 13952K, reserved 1048576K
}
Event: 85467.448 GC heap before
{Heap before GC invocations=203 (full 9):
 garbage-first heap   total 137216K, used 74342K [0x0000000081400000, 0x0000000100000000)
  region size 1024K, 14 young (14336K), 6 survivors (6144K)
 Metaspace       used 102450K, committed 103488K, reserved 1179648K
  class space    used 13492K, committed 13952K, reserved 1048576K
}
Event: 85467.542 GC heap after
{Heap after GC invocations=204 (full 10):
 garbage-first heap   total 137216K, used 44043K [0x0000000081400000, 0x0000000100000000)
  region size 1024K, 0 young (0K), 0 survivors (0K)
 Metaspace       used 102368K, committed 103488K, reserved 1179648K
  class space    used 13473K, committed 13952K, reserved 1048576K
}
Event: 85469.410 GC heap before
{Heap before GC invocations=204 (full 10):
 garbage-first heap   total 137216K, used 101387K [0x0000000081400000, 0x0000000100000000)
  region size 1024K, 58 young (59392K), 0 survivors (0K)
 Metaspace       used 102877K, committed 103872K, reserved 1179648K
  class space    used 13534K, committed 14016K, reserved 1048576K
}
Event: 85469.417 GC heap after
{Heap after GC invocations=205 (full 10):
 garbage-first heap   total 137216K, used 49163K [0x0000000081400000, 0x0000000100000000)
  region size 1024K, 5 young (5120K), 5 survivors (5120K)
 Metaspace       used 102877K, committed 103872K, reserved 1179648K
  class space    used 13534K, committed 14016K, reserved 1048576K
}
Event: 85471.516 GC heap before
{Heap before GC invocations=206 (full 10):
 garbage-first heap   total 137216K, used 122891K [0x0000000081400000, 0x0000000100000000)
  region size 1024K, 76 young (77824K), 5 survivors (5120K)
 Metaspace       used 103299K, committed 104256K, reserved 1179648K
  class space    used 13573K, committed 14016K, reserved 1048576K
}
Event: 85471.527 GC heap after
{Heap after GC invocations=207 (full 10):
 garbage-first heap   total 137216K, used 51723K [0x0000000081400000, 0x0000000100000000)
  region size 1024K, 8 young (8192K), 8 survivors (8192K)
 Metaspace       used 103299K, committed 104256K, reserved 1179648K
  class space    used 13573K, committed 14016K, reserved 1048576K
}
Event: 85472.331 GC heap before
{Heap before GC invocations=207 (full 10):
 garbage-first heap   total 137216K, used 119307K [0x0000000081400000, 0x0000000100000000)
  region size 1024K, 74 young (75776K), 8 survivors (8192K)
 Metaspace       used 103977K, committed 104960K, reserved 1179648K
  class space    used 13620K, committed 14080K, reserved 1048576K
}
Event: 85472.346 GC heap after
{Heap after GC invocations=208 (full 10):
 garbage-first heap   total 137216K, used 54900K [0x0000000081400000, 0x0000000100000000)
  region size 1024K, 7 young (7168K), 7 survivors (7168K)
 Metaspace       used 103977K, committed 104960K, reserved 1179648K
  class space    used 13620K, committed 14080K, reserved 1048576K
}
Event: 85530.643 GC heap before
{Heap before GC invocations=208 (full 10):
 garbage-first heap   total 137216K, used 120436K [0x0000000081400000, 0x0000000100000000)
  region size 1024K, 71 young (72704K), 7 survivors (7168K)
 Metaspace       used 104067K, committed 105088K, reserved 1179648K
  class space    used 13627K, committed 14080K, reserved 1048576K
}
Event: 85530.679 GC heap after
{Heap after GC invocations=209 (full 10):
 garbage-first heap   total 137216K, used 56149K [0x0000000081400000, 0x0000000100000000)
  region size 1024K, 5 young (5120K), 5 survivors (5120K)
 Metaspace       used 104067K, committed 105088K, reserved 1179648K
  class space    used 13627K, committed 14080K, reserved 1048576K
}
Event: 85650.233 GC heap before
{Heap before GC invocations=210 (full 10):
 garbage-first heap   total 137216K, used 122709K [0x0000000081400000, 0x0000000100000000)
  region size 1024K, 70 young (71680K), 5 survivors (5120K)
 Metaspace       used 104075K, committed 105088K, reserved 1179648K
  class space    used 13628K, committed 14080K, reserved 1048576K
}
Event: 85650.256 GC heap after
{Heap after GC invocations=211 (full 10):
 garbage-first heap   total 137216K, used 55492K [0x0000000081400000, 0x0000000100000000)
  region size 1024K, 4 young (4096K), 4 survivors (4096K)
 Metaspace       used 104075K, committed 105088K, reserved 1179648K
  class space    used 13628K, committed 14080K, reserved 1048576K
}
Event: 85692.678 GC heap before
{Heap before GC invocations=211 (full 10):
 garbage-first heap   total 137216K, used 81092K [0x0000000081400000, 0x0000000100000000)
  region size 1024K, 30 young (30720K), 4 survivors (4096K)
 Metaspace       used 104078K, committed 105088K, reserved 1179648K
  class space    used 13628K, committed 14080K, reserved 1048576K
}
Event: 85692.777 GC heap after
{Heap after GC invocations=212 (full 11):
 garbage-first heap   total 137216K, used 41332K [0x0000000081400000, 0x0000000100000000)
  region size 1024K, 0 young (0K), 0 survivors (0K)
 Metaspace       used 103911K, committed 105088K, reserved 1179648K
  class space    used 13588K, committed 14080K, reserved 1048576K
}
Event: 85696.996 GC heap before
{Heap before GC invocations=212 (full 11):
 garbage-first heap   total 137216K, used 102772K [0x0000000081400000, 0x0000000100000000)
  region size 1024K, 62 young (63488K), 0 survivors (0K)
 Metaspace       used 104496K, committed 105536K, reserved 1179648K
  class space    used 13669K, committed 14144K, reserved 1048576K
}
Event: 85697.006 GC heap after
{Heap after GC invocations=213 (full 11):
 garbage-first heap   total 137216K, used 47215K [0x0000000081400000, 0x0000000100000000)
  region size 1024K, 6 young (6144K), 6 survivors (6144K)
 Metaspace       used 104496K, committed 105536K, reserved 1179648K
  class space    used 13669K, committed 14144K, reserved 1048576K
}
Event: 85706.306 GC heap before
{Heap before GC invocations=214 (full 11):
 garbage-first heap   total 137216K, used 122991K [0x0000000081400000, 0x0000000100000000)
  region size 1024K, 79 young (80896K), 6 survivors (6144K)
 Metaspace       used 104968K, committed 106048K, reserved 1179648K
  class space    used 13720K, committed 14208K, reserved 1048576K
}
Event: 85706.324 GC heap after
{Heap after GC invocations=215 (full 11):
 garbage-first heap   total 137216K, used 50698K [0x0000000081400000, 0x0000000100000000)
  region size 1024K, 5 young (5120K), 5 survivors (5120K)
 Metaspace       used 104968K, committed 106048K, reserved 1179648K
  class space    used 13720K, committed 14208K, reserved 1048576K
}
Event: 85872.834 GC heap before
{Heap before GC invocations=215 (full 11):
 garbage-first heap   total 137216K, used 122378K [0x0000000081400000, 0x0000000100000000)
  region size 1024K, 75 young (76800K), 5 survivors (5120K)
 Metaspace       used 105170K, committed 106240K, reserved 1179648K
  class space    used 13732K, committed 14208K, reserved 1048576K
}

Dll operation events (12 events):
Event: 0.223 Loaded shared library C:\Program Files\Java\jdk-21\bin\java.dll
Event: 0.929 Loaded shared library C:\Program Files\Java\jdk-21\bin\zip.dll
Event: 0.994 Loaded shared library C:\Program Files\Java\jdk-21\bin\instrument.dll
Event: 1.003 Loaded shared library C:\Program Files\Java\jdk-21\bin\net.dll
Event: 1.006 Loaded shared library C:\Program Files\Java\jdk-21\bin\nio.dll
Event: 1.014 Loaded shared library C:\Program Files\Java\jdk-21\bin\zip.dll
Event: 1.326 Loaded shared library C:\Program Files\Java\jdk-21\bin\jimage.dll
Event: 1.429 Loaded shared library C:\Program Files\Java\jdk-21\bin\management.dll
Event: 1.454 Loaded shared library C:\Program Files\Java\jdk-21\bin\management_ext.dll
Event: 1.790 Loaded shared library C:\Program Files\Java\jdk-21\bin\extnet.dll
Event: 1.825 Loaded shared library C:\Program Files\Java\jdk-21\bin\verify.dll
Event: 6.178 Loaded shared library C:\Program Files\Java\jdk-21\bin\sunmscapi.dll

Deoptimization events (20 events):
Event: 85698.184 Thread 0x0000016ce78deef0 DEOPT PACKING pc=0x0000016c97c54264 sp=0x00000005071fb8b0
Event: 85698.184 Thread 0x0000016ce78deef0 DEOPT UNPACKING pc=0x0000016c97784e23 sp=0x00000005071fae60 mode 1
Event: 85698.184 Thread 0x0000016ce78deef0 DEOPT PACKING pc=0x0000016c97cad894 sp=0x00000005071fba20
Event: 85698.184 Thread 0x0000016ce78deef0 DEOPT UNPACKING pc=0x0000016c97784e23 sp=0x00000005071fafe0 mode 1
Event: 85701.919 Thread 0x0000016ce517f040 DEOPT PACKING pc=0x0000016c97e997e4 sp=0x0000000506ffdff0
Event: 85701.919 Thread 0x0000016ce517f040 DEOPT UNPACKING pc=0x0000016c97784e23 sp=0x0000000506ffd558 mode 1
Event: 85701.920 Thread 0x0000016ce517f040 DEOPT PACKING pc=0x0000016c97e997e4 sp=0x0000000506ffdff0
Event: 85701.920 Thread 0x0000016ce517f040 DEOPT UNPACKING pc=0x0000016c97784e23 sp=0x0000000506ffd558 mode 1
Event: 85701.920 Thread 0x0000016ce517f040 DEOPT PACKING pc=0x0000016c97e997e4 sp=0x0000000506ffdff0
Event: 85701.920 Thread 0x0000016ce517f040 DEOPT UNPACKING pc=0x0000016c97784e23 sp=0x0000000506ffd558 mode 1
Event: 85701.920 Thread 0x0000016ce517f040 DEOPT PACKING pc=0x0000016c97e997e4 sp=0x0000000506ffdff0
Event: 85701.920 Thread 0x0000016ce517f040 DEOPT UNPACKING pc=0x0000016c97784e23 sp=0x0000000506ffd558 mode 1
Event: 85701.920 Thread 0x0000016ce517f040 DEOPT PACKING pc=0x0000016c97e997e4 sp=0x0000000506ffdff0
Event: 85701.920 Thread 0x0000016ce517f040 DEOPT UNPACKING pc=0x0000016c97784e23 sp=0x0000000506ffd558 mode 1
Event: 85701.920 Thread 0x0000016ce517f040 DEOPT PACKING pc=0x0000016c97e997e4 sp=0x0000000506ffdff0
Event: 85701.920 Thread 0x0000016ce517f040 DEOPT UNPACKING pc=0x0000016c97784e23 sp=0x0000000506ffd558 mode 1
Event: 85701.920 Thread 0x0000016ce517f040 DEOPT PACKING pc=0x0000016c97e997e4 sp=0x0000000506ffdff0
Event: 85701.920 Thread 0x0000016ce517f040 DEOPT UNPACKING pc=0x0000016c97784e23 sp=0x0000000506ffd558 mode 1
Event: 85714.731 Thread 0x0000016ce78deef0 DEOPT PACKING pc=0x0000016c97bde834 sp=0x00000005071fd860
Event: 85714.731 Thread 0x0000016ce78deef0 DEOPT UNPACKING pc=0x0000016c97784e23 sp=0x00000005071fcd18 mode 0

Classes loaded (20 events):
Event: 15061.892 Loading class java/time/DurationEditor
Event: 15061.892 Loading class java/time/DurationEditor done
Event: 15136.937 Loading class java/util/stream/Streams$RangeIntSpliterator
Event: 15136.967 Loading class java/util/stream/Streams$RangeIntSpliterator done
Event: 15136.981 Loading class java/util/stream/IntPipeline$1
Event: 15136.992 Loading class java/util/stream/IntPipeline$1 done
Event: 15136.995 Loading class java/util/stream/IntPipeline$1$1
Event: 15136.995 Loading class java/util/stream/IntPipeline$1$1 done
Event: 15137.684 Loading class java/time/DurationEditor
Event: 15137.684 Loading class java/time/DurationEditor done
Event: 15209.897 Loading class java/time/DurationEditor
Event: 15209.897 Loading class java/time/DurationEditor done
Event: 22144.229 Loading class java/time/DurationEditor
Event: 22144.229 Loading class java/time/DurationEditor done
Event: 83489.583 Loading class java/time/DurationEditor
Event: 83489.592 Loading class java/time/DurationEditor done
Event: 83760.358 Loading class java/time/DurationEditor
Event: 83760.358 Loading class java/time/DurationEditor done
Event: 85458.947 Loading class java/time/DurationEditor
Event: 85458.947 Loading class java/time/DurationEditor done

Classes unloaded (20 events):
Event: 85692.721 Thread 0x0000016c9ed96880 Unloading class 0x0000016ca0d7c400 'java/lang/invoke/LambdaForm$MH+0x0000016ca0d7c400'
Event: 85692.721 Thread 0x0000016c9ed96880 Unloading class 0x0000016ca0d70800 'java/lang/invoke/LambdaForm$DMH+0x0000016ca0d70800'
Event: 85692.721 Thread 0x0000016c9ed96880 Unloading class 0x0000016ca0d48400 'java/lang/invoke/LambdaForm$MH+0x0000016ca0d48400'
Event: 85692.721 Thread 0x0000016c9ed96880 Unloading class 0x0000016ca0d51400 'java/lang/invoke/LambdaForm$BMH+0x0000016ca0d51400'
Event: 85692.721 Thread 0x0000016c9ed96880 Unloading class 0x0000016ca0d50c00 'java/lang/invoke/LambdaForm$BMH+0x0000016ca0d50c00'
Event: 85692.721 Thread 0x0000016c9ed96880 Unloading class 0x0000016ca0d50800 'java/lang/invoke/LambdaForm$MH+0x0000016ca0d50800'
Event: 85692.721 Thread 0x0000016c9ed96880 Unloading class 0x0000016ca0d49400 'java/lang/invoke/LambdaForm$MH+0x0000016ca0d49400'
Event: 85692.721 Thread 0x0000016c9ed96880 Unloading class 0x0000016ca0d49000 'java/lang/invoke/LambdaForm$MH+0x0000016ca0d49000'
Event: 85692.721 Thread 0x0000016c9ed96880 Unloading class 0x0000016ca0c12c00 'java/lang/invoke/LambdaForm$MH+0x0000016ca0c12c00'
Event: 85692.721 Thread 0x0000016c9ed96880 Unloading class 0x0000016ca0c7c400 'java/lang/invoke/LambdaForm$DMH+0x0000016ca0c7c400'
Event: 85692.721 Thread 0x0000016c9ed96880 Unloading class 0x0000016ca0cb2c00 'java/lang/invoke/LambdaForm$MH+0x0000016ca0cb2c00'
Event: 85692.721 Thread 0x0000016c9ed96880 Unloading class 0x0000016ca0cb8400 'java/lang/invoke/LambdaForm$MH+0x0000016ca0cb8400'
Event: 85692.721 Thread 0x0000016c9ed96880 Unloading class 0x0000016ca0c39c00 'java/lang/invoke/LambdaForm$DMH+0x0000016ca0c39c00'
Event: 85692.721 Thread 0x0000016c9ed96880 Unloading class 0x0000016ca0c74800 'java/lang/invoke/LambdaForm$DMH+0x0000016ca0c74800'
Event: 85692.721 Thread 0x0000016c9ed96880 Unloading class 0x0000016ca0ccb800 'java/lang/invoke/LambdaForm$MH+0x0000016ca0ccb800'
Event: 85692.721 Thread 0x0000016c9ed96880 Unloading class 0x0000016ca0c70c00 'java/lang/invoke/LambdaForm$MH+0x0000016ca0c70c00'
Event: 85692.721 Thread 0x0000016c9ed96880 Unloading class 0x0000016ca0d21400 'java/lang/invoke/LambdaForm$MH+0x0000016ca0d21400'
Event: 85692.721 Thread 0x0000016c9ed96880 Unloading class 0x0000016ca0d20c00 'java/lang/invoke/LambdaForm$MH+0x0000016ca0d20c00'
Event: 85692.721 Thread 0x0000016c9ed96880 Unloading class 0x0000016ca0d1b800 'java/lang/invoke/LambdaForm$MH+0x0000016ca0d1b800'
Event: 85692.721 Thread 0x0000016c9ed96880 Unloading class 0x0000016ca0d19c00 'java/lang/invoke/LambdaForm$MH+0x0000016ca0d19c00'

Classes redefined (7 events):
Event: 76.516 Thread 0x0000016c9ed96880 redefined class name=com.eos.admin.serviceImpl.VendorAuthService, count=1
Event: 15132.215 Thread 0x0000016c9ed96880 redefined class name=com.eos.admin.repository.LocationRepository, count=1
Event: 15132.216 Thread 0x0000016c9ed96880 redefined class name=com.eos.admin.serviceImpl.LoiInfoServiceImpl, count=1
Event: 15132.216 Thread 0x0000016c9ed96880 redefined class name=com.eos.admin.serviceImpl.LoiInfoServiceImpl, count=1
Event: 15132.216 Thread 0x0000016c9ed96880 redefined class name=com.eos.admin.serviceImpl.LoiInfoServiceImpl, count=1
Event: 15132.237 Thread 0x0000016c9ed96880 redefined class name=com.eos.admin.repository.LocationRepository, count=1
Event: 15132.237 Thread 0x0000016c9ed96880 redefined class name=com.eos.admin.repository.LocationRepository, count=1

Internal exceptions (20 events):
Event: 85692.674 Thread 0x0000016ce78dfc10 Exception <a 'java/io/IOException'{0x00000000880140b0}> (0x00000000880140b0) 
thrown [s\open\src\hotspot\share\prims\jni.cpp, line 520]
Event: 85692.674 Thread 0x0000016ce78dfc10 Exception <a 'java/io/IOException'{0x0000000088014cd0}> (0x0000000088014cd0) 
thrown [s\open\src\hotspot\share\prims\jni.cpp, line 520]
Event: 85692.675 Thread 0x0000016ce78dfc10 Exception <a 'java/io/IOException'{0x0000000088016b08}> (0x0000000088016b08) 
thrown [s\open\src\hotspot\share\prims\jni.cpp, line 520]
Event: 85692.675 Thread 0x0000016ce78dfc10 Exception <a 'java/io/IOException'{0x0000000088017728}> (0x0000000088017728) 
thrown [s\open\src\hotspot\share\prims\jni.cpp, line 520]
Event: 85692.677 Thread 0x0000016ce78dfc10 Exception <a 'java/io/IOException'{0x0000000088019588}> (0x0000000088019588) 
thrown [s\open\src\hotspot\share\prims\jni.cpp, line 520]
Event: 85692.677 Thread 0x0000016ce78dfc10 Exception <a 'java/io/IOException'{0x000000008801a1a8}> (0x000000008801a1a8) 
thrown [s\open\src\hotspot\share\prims\jni.cpp, line 520]
Event: 85692.912 Thread 0x0000016ce78deef0 Exception <a 'sun/nio/fs/WindowsException'{0x000000008988c4c8}> (0x000000008988c4c8) 
thrown [s\open\src\hotspot\share\prims\jni.cpp, line 520]
Event: 85696.066 Thread 0x0000016ce78deef0 Exception <a 'java/lang/NoClassDefFoundError'{0x0000000086d9d4f8}: org/flywaydb/core/Flyway> (0x0000000086d9d4f8) 
thrown [s\open\src\hotspot\share\oops\constantPool.cpp, line 873]
Event: 85696.776 Thread 0x0000016ce78deef0 Exception <a 'java/lang/NoClassDefFoundError'{0x0000000086d9db58}: liquibase/integration/spring/SpringLiquibase> (0x0000000086d9db58) 
thrown [s\open\src\hotspot\share\oops\constantPool.cpp, line 873]
Event: 85696.791 Thread 0x0000016ce78deef0 Exception <a 'java/lang/NoClassDefFoundError'{0x0000000086c616e0}: org/springframework/batch/core/repository/JobRepository> (0x0000000086c616e0) 
thrown [s\open\src\hotspot\share\oops\constantPool.cpp, line 873]
Event: 85696.792 Thread 0x0000016ce78deef0 Exception <a 'java/lang/NoClassDefFoundError'{0x0000000086c61d38}: org/quartz/Scheduler> (0x0000000086c61d38) 
thrown [s\open\src\hotspot\share\oops\constantPool.cpp, line 873]
Event: 85696.793 Thread 0x0000016ce78deef0 Exception <a 'java/lang/NoClassDefFoundError'{0x0000000086c623b8}: org/springframework/session/jdbc/JdbcIndexedSessionRepository> (0x0000000086c623b8) 
thrown [s\open\src\hotspot\share\oops\constantPool.cpp, line 873]
Event: 85696.798 Thread 0x0000016ce78deef0 Exception <a 'java/lang/NoClassDefFoundError'{0x0000000086ce3f88}: org/jooq/DSLContext> (0x0000000086ce3f88) 
thrown [s\open\src\hotspot\share\oops\constantPool.cpp, line 873]
Event: 85696.809 Thread 0x0000016ce78deef0 Exception <a 'java/lang/NoSuchMethodError'{0x0000000086bd84c8}: 'void java.lang.invoke.DelegatingMethodHandle$Holder.reinvoke_L(java.lang.Object, java.lang.Object, int)'> (0x0000000086bd84c8) 
thrown [s\open\src\hotspot\share\interpreter\linkResolver.cpp, line 773]
Event: 85696.882 Thread 0x0000016ce78deef0 Exception <a 'java/lang/NoSuchMethodError'{0x00000000866e48d8}: 'int java.lang.invoke.DirectMethodHandle$Holder.invokeVirtual(java.lang.Object, java.lang.Object, java.lang.Object, java.lang.Object)'> (0x00000000866e48d8) 
thrown [s\open\src\hotspot\share\interpreter\linkResolver.cpp, line 773]
Event: 85696.882 Thread 0x0000016ce78deef0 Exception <a 'java/lang/NoSuchMethodError'{0x00000000866e7eb0}: 'int java.lang.invoke.DelegatingMethodHandle$Holder.reinvoke_L(java.lang.Object, java.lang.Object, java.lang.Object, java.lang.Object)'> (0x00000000866e7eb0) 
thrown [s\open\src\hotspot\share\interpreter\linkResolver.cpp, line 773]
Event: 85696.968 Thread 0x0000016ce78deef0 Exception <a 'java/io/FileNotFoundException'{0x0000000085fd4cb0}> (0x0000000085fd4cb0) 
thrown [s\open\src\hotspot\share\prims\jni.cpp, line 520]
Event: 85697.817 Thread 0x0000016ce78deef0 Exception <a 'java/lang/NoSuchMethodError'{0x0000000086d2dd58}: 'long java.lang.invoke.DelegatingMethodHandle$Holder.reinvoke_L(java.lang.Object, java.lang.Object)'> (0x0000000086d2dd58) 
thrown [s\open\src\hotspot\share\interpreter\linkResolver.cpp, line 773]
Event: 85697.818 Thread 0x0000016ce78deef0 Exception <a 'java/lang/NoSuchMethodError'{0x0000000086d34b98}: 'void java.lang.invoke.DelegatingMethodHandle$Holder.reinvoke_L(java.lang.Object, java.lang.Object, long)'> (0x0000000086d34b98) 
thrown [s\open\src\hotspot\share\interpreter\linkResolver.cpp, line 773]
Event: 85698.116 Thread 0x0000016ce78deef0 Exception <a 'java/io/FileNotFoundException'{0x0000000085f49ea0}> (0x0000000085f49ea0) 
thrown [s\open\src\hotspot\share\prims\jni.cpp, line 520]

ZGC Phase Switch (0 events):
No events

VM Operations (20 events):
Event: 85716.200 Executing VM operation: get/set locals done
Event: 85716.206 Executing VM operation: get/set locals
Event: 85716.206 Executing VM operation: get/set locals done
Event: 85716.207 Executing VM operation: get/set locals
Event: 85716.207 Executing VM operation: get/set locals done
Event: 85716.208 Executing VM operation: get/set locals
Event: 85716.208 Executing VM operation: get/set locals done
Event: 85716.209 Executing VM operation: get/set locals
Event: 85716.210 Executing VM operation: get/set locals done
Event: 85729.078 Executing VM operation: get/set locals
Event: 85729.078 Executing VM operation: get/set locals done
Event: 85729.079 Executing VM operation: get/set locals
Event: 85729.079 Executing VM operation: get/set locals done
Event: 85729.079 Executing VM operation: get/set locals
Event: 85729.079 Executing VM operation: get/set locals done
Event: 85729.079 Executing VM operation: get/set locals
Event: 85729.079 Executing VM operation: get/set locals done
Event: 85816.990 Executing VM operation: Cleanup
Event: 85816.990 Executing VM operation: Cleanup done
Event: 85872.834 Executing VM operation: G1CollectForAllocation (G1 Evacuation Pause)

Events (20 events):
Event: 85692.738 Thread 0x0000016c9ed96880 flushing nmethod 0x0000016c98de3110
Event: 85692.738 Thread 0x0000016c9ed96880 flushing nmethod 0x0000016c98de7110
Event: 85692.738 Thread 0x0000016c9ed96880 flushing nmethod 0x0000016c98e78e90
Event: 85692.738 Thread 0x0000016c9ed96880 flushing nmethod 0x0000016c98e7bd10
Event: 85692.738 Thread 0x0000016c9ed96880 flushing nmethod 0x0000016c98f8e410
Event: 85692.798 Thread 0x0000016ce78ddb40 Thread added: 0x0000016ce78ddb40
Event: 85692.798 Thread 0x0000016ce78dfc10 Thread exited: 0x0000016ce78dfc10
Event: 85692.848 Thread 0x0000016ce78deef0 Thread added: 0x0000016ce78deef0
Event: 85692.848 Thread 0x0000016ce78ddb40 Thread exited: 0x0000016ce78ddb40
Event: 85694.098 Thread 0x0000016ce78db3e0 Thread added: 0x0000016ce78db3e0
Event: 85694.247 Thread 0x0000016ce78db3e0 Thread exited: 0x0000016ce78db3e0
Event: 85696.046 Thread 0x0000016ce7b9ff30 Thread exited: 0x0000016ce7b9ff30
Event: 85697.309 Thread 0x0000016ce78e1650 Thread added: 0x0000016ce78e1650
Event: 85697.420 Thread 0x0000016ce78ddb40 Thread added: 0x0000016ce78ddb40
Event: 85697.836 Thread 0x0000016ce697d230 Thread added: 0x0000016ce697d230
Event: 85698.116 Thread 0x0000016ce78db3e0 Thread added: 0x0000016ce78db3e0
Event: 85698.117 Thread 0x0000016ce78dba70 Thread added: 0x0000016ce78dba70
Event: 85698.117 Thread 0x0000016ce78dfc10 Thread added: 0x0000016ce78dfc10
Event: 85702.933 Thread 0x0000016ce78ddb40 Thread exited: 0x0000016ce78ddb40
Event: 85703.153 Thread 0x0000016ce697d230 Thread exited: 0x0000016ce697d230


Dynamic libraries:
0x00007ff6af430000 - 0x00007ff6af440000 	C:\Program Files\Java\jdk-21\bin\javaw.exe
0x00007ffcc2970000 - 0x00007ffcc2b68000 	C:\Windows\SYSTEM32\ntdll.dll
0x00007ffcc1040000 - 0x00007ffcc1102000 	C:\Windows\System32\KERNEL32.DLL
0x00007ffcc0010000 - 0x00007ffcc030f000 	C:\Windows\System32\KERNELBASE.dll
0x00007ffcc0860000 - 0x00007ffcc0960000 	C:\Windows\System32\ucrtbase.dll
0x00007ffc95390000 - 0x00007ffc953a9000 	C:\Program Files\Java\jdk-21\bin\jli.dll
0x00007ffc95430000 - 0x00007ffc9544b000 	C:\Program Files\Java\jdk-21\bin\VCRUNTIME140.dll
0x00007ffcc2030000 - 0x00007ffcc20df000 	C:\Windows\System32\ADVAPI32.dll
0x00007ffcc0c50000 - 0x00007ffcc0cee000 	C:\Windows\System32\msvcrt.dll
0x00007ffcc0ef0000 - 0x00007ffcc0f8f000 	C:\Windows\System32\sechost.dll
0x00007ffcc20f0000 - 0x00007ffcc2213000 	C:\Windows\System32\RPCRT4.dll
0x00007ffcc0960000 - 0x00007ffcc0987000 	C:\Windows\System32\bcrypt.dll
0x00007ffcc0d50000 - 0x00007ffcc0eed000 	C:\Windows\System32\USER32.dll
0x00007ffcb1b50000 - 0x00007ffcb1dea000 	C:\Windows\WinSxS\amd64_microsoft.windows.common-controls_6595b64144ccf1df_6.0.19041.4355_none_60b8b9eb71f62e16\COMCTL32.dll
0x00007ffcc0660000 - 0x00007ffcc0682000 	C:\Windows\System32\win32u.dll
0x00007ffcc2580000 - 0x00007ffcc25ab000 	C:\Windows\System32\GDI32.dll
0x00007ffcc0360000 - 0x00007ffcc047a000 	C:\Windows\System32\gdi32full.dll
0x00007ffcb12d0000 - 0x00007ffcb12da000 	C:\Windows\SYSTEM32\VERSION.dll
0x00007ffcc0480000 - 0x00007ffcc051d000 	C:\Windows\System32\msvcp_win.dll
0x00007ffcc1e20000 - 0x00007ffcc1e4f000 	C:\Windows\System32\IMM32.DLL
0x00007ffc9d5f0000 - 0x00007ffc9d694000 	C:\Program Files\McAfee\Endpoint Security\Threat Prevention\Ips\EpMPApi.dll
0x00007ffcc07f0000 - 0x00007ffcc0859000 	C:\Windows\System32\WINTRUST.dll
0x00007ffcc0690000 - 0x00007ffcc07ec000 	C:\Windows\System32\CRYPT32.dll
0x00007ffcbfb60000 - 0x00007ffcbfb72000 	C:\Windows\SYSTEM32\MSASN1.dll
0x0000000069970000 - 0x000000006997c000 	C:\Program Files\McAfee\Endpoint Security\Threat Prevention\Ips\EpMPThe.dll
0x00007ffca5940000 - 0x00007ffca594c000 	C:\Program Files\Java\jdk-21\bin\vcruntime140_1.dll
0x00007ffc76100000 - 0x00007ffc7618e000 	C:\Program Files\Java\jdk-21\bin\msvcp140.dll
0x00007ffc6fc30000 - 0x00007ffc7094a000 	C:\Program Files\Java\jdk-21\bin\server\jvm.dll
0x00007ffcc1db0000 - 0x00007ffcc1e1b000 	C:\Windows\System32\WS2_32.dll
0x00007ffcbfd50000 - 0x00007ffcbfd9b000 	C:\Windows\SYSTEM32\POWRPROF.dll
0x00007ffcb5c20000 - 0x00007ffcb5c47000 	C:\Windows\SYSTEM32\WINMM.dll
0x00007ffcbfd30000 - 0x00007ffcbfd42000 	C:\Windows\SYSTEM32\UMPDC.dll
0x00007ffcbdcd0000 - 0x00007ffcbdce2000 	C:\Windows\SYSTEM32\kernel.appcore.dll
0x00007ffc9ff90000 - 0x00007ffc9ff9a000 	C:\Program Files\Java\jdk-21\bin\jimage.dll
0x00007ffcb0df0000 - 0x00007ffcb0fd4000 	C:\Windows\SYSTEM32\DBGHELP.DLL
0x00007ffcb01d0000 - 0x00007ffcb0204000 	C:\Windows\SYSTEM32\dbgcore.DLL
0x00007ffcc0520000 - 0x00007ffcc05a2000 	C:\Windows\System32\bcryptPrimitives.dll
0x00007ffcaf380000 - 0x00007ffcaf3bc000 	C:\Program Files\Java\jdk-21\bin\jdwp.dll
0x00007ffc953e0000 - 0x00007ffc953ef000 	C:\Program Files\Java\jdk-21\bin\instrument.dll
0x00007ffc953c0000 - 0x00007ffc953df000 	C:\Program Files\Java\jdk-21\bin\java.dll
0x00007ffcc1120000 - 0x00007ffcc188d000 	C:\Windows\System32\SHELL32.dll
0x00007ffcbded0000 - 0x00007ffcbe674000 	C:\Windows\SYSTEM32\windows.storage.dll
0x00007ffcc2220000 - 0x00007ffcc2575000 	C:\Windows\System32\combase.dll
0x00007ffcbf9d0000 - 0x00007ffcbf9ff000 	C:\Windows\SYSTEM32\Wldp.dll
0x00007ffcc2860000 - 0x00007ffcc292d000 	C:\Windows\System32\OLEAUT32.dll
0x00007ffcc0f90000 - 0x00007ffcc103d000 	C:\Windows\System32\SHCORE.dll
0x00007ffcc1fd0000 - 0x00007ffcc2025000 	C:\Windows\System32\shlwapi.dll
0x00007ffcbff40000 - 0x00007ffcbff64000 	C:\Windows\SYSTEM32\profapi.dll
0x00007ffcb5ce0000 - 0x00007ffcb5cec000 	C:\Program Files\Java\jdk-21\bin\dt_socket.dll
0x00007ffcbf3b0000 - 0x00007ffcbf3eb000 	C:\Windows\SYSTEM32\IPHLPAPI.DLL
0x00007ffcbf6d0000 - 0x00007ffcbf73c000 	C:\Windows\system32\mswsock.dll
0x00007ffcbf3f0000 - 0x00007ffcbf4ba000 	C:\Windows\SYSTEM32\DNSAPI.dll
0x00007ffcc1110000 - 0x00007ffcc1118000 	C:\Windows\System32\NSI.dll
0x00007ffcb5d20000 - 0x00007ffcb5d2a000 	C:\Windows\System32\rasadhlp.dll
0x00007ffcbcf40000 - 0x00007ffcbcfc0000 	C:\Windows\System32\fwpuclnt.dll
0x00007ffc95370000 - 0x00007ffc95388000 	C:\Program Files\Java\jdk-21\bin\zip.dll
0x00007ffc953b0000 - 0x00007ffc953c0000 	C:\Program Files\Java\jdk-21\bin\net.dll
0x00007ffcb9120000 - 0x00007ffcb922a000 	C:\Windows\SYSTEM32\WINHTTP.dll
0x00007ffc95350000 - 0x00007ffc95366000 	C:\Program Files\Java\jdk-21\bin\nio.dll
0x00007ffcb5c70000 - 0x00007ffcb5c7a000 	C:\Program Files\Java\jdk-21\bin\management.dll
0x00007ffca6340000 - 0x00007ffca634b000 	C:\Program Files\Java\jdk-21\bin\management_ext.dll
0x00007ffcc20e0000 - 0x00007ffcc20e8000 	C:\Windows\System32\PSAPI.DLL
0x00007ffcaf4d0000 - 0x00007ffcaf4e7000 	C:\Windows\system32\napinsp.dll
0x00007ffcaf4b0000 - 0x00007ffcaf4cb000 	C:\Windows\system32\pnrpnsp.dll
0x00007ffcaf490000 - 0x00007ffcaf4a5000 	C:\Windows\system32\wshbth.dll
0x00007ffcbb0c0000 - 0x00007ffcbb0dd000 	C:\Windows\system32\NLAapi.dll
0x00007ffcaf470000 - 0x00007ffcaf482000 	C:\Windows\System32\winrnr.dll
0x00007ffcbf920000 - 0x00007ffcbf938000 	C:\Windows\SYSTEM32\CRYPTSP.dll
0x00007ffcbeff0000 - 0x00007ffcbf024000 	C:\Windows\system32\rsaenh.dll
0x00007ffcbff00000 - 0x00007ffcbff2e000 	C:\Windows\SYSTEM32\USERENV.dll
0x00007ffcbf940000 - 0x00007ffcbf94c000 	C:\Windows\SYSTEM32\CRYPTBASE.dll
0x00007ffc9d460000 - 0x00007ffc9d469000 	C:\Program Files\Java\jdk-21\bin\extnet.dll
0x00007ffc95340000 - 0x00007ffc95350000 	C:\Program Files\Java\jdk-21\bin\verify.dll
0x00007ffc8f9e0000 - 0x00007ffc8f9ee000 	C:\Program Files\Java\jdk-21\bin\sunmscapi.dll
0x00007ffcbfa40000 - 0x00007ffcbfa67000 	C:\Windows\SYSTEM32\ncrypt.dll
0x00007ffcbfa00000 - 0x00007ffcbfa3b000 	C:\Windows\SYSTEM32\NTASN1.dll
0x00007ffc75750000 - 0x00007ffc75757000 	C:\Windows\system32\wshunix.dll

dbghelp: loaded successfully - version: 4.0.5 - missing functions: none
symbol engine: initialized successfully - sym options: 0x614 - pdb path: .;C:\Program Files\Java\jdk-21\bin;C:\Windows\SYSTEM32;C:\Windows\WinSxS\amd64_microsoft.windows.common-controls_6595b64144ccf1df_6.0.19041.4355_none_60b8b9eb71f62e16;C:\Program Files\McAfee\Endpoint Security\Threat Prevention\Ips;C:\Program Files\Java\jdk-21\bin\server

VM Arguments:
jvm_args: -XX:+ShowCodeDetailsInExceptionMessages -agentlib:jdwp=transport=dt_socket,suspend=y,address=localhost:57994 -Dcom.sun.management.jmxremote -Dcom.sun.management.jmxremote.port=57993 -Dcom.sun.management.jmxremote.authenticate=false -Dcom.sun.management.jmxremote.ssl=false -Djava.rmi.server.hostname=localhost -Dspring.jmx.enabled=true -Dmanagement.endpoints.jmx.exposure.include=* -Dspring.application.admin.enabled=true -Dspring.output.ansi.enabled=always -XX:TieredStopAtLevel=1 -Dspring.boot.project.name=hro-admin-restfull-webservice -javaagent:C:\Users\Bot_25\Desktop\sts-4.22.1.RELEASE\configuration\org.eclipse.osgi\880\0\.cp\lib\javaagent-shaded.jar -Dfile.encoding=UTF-8 -Dstdout.encoding=UTF-8 -Dstderr.encoding=UTF-8 
java_command: com.eos.admin.HroAdminRestfullWebserviceApplication
java_class_path (initial): C:\Users\Bot_25\Desktop\Documents\springbootworkspace\hro-admin-restfull-webservice\bin\main;C:\Users\Bot_25\.gradle\caches\modules-2\files-2.1\org.projectlombok\lombok\1.18.32\17d46b3e205515e1e8efd3ee4d57ce8018914163\lombok-1.18.32.jar;C:\Users\Bot_25\.gradle\caches\modules-2\files-2.1\org.springframework.boot\spring-boot-starter-data-jpa\3.1.5\5fdcfab1fe9d6dddf4352d71f5ed879eb1aa92c2\spring-boot-starter-data-jpa-3.1.5.jar;C:\Users\Bot_25\.gradle\caches\modules-2\files-2.1\org.springframework.boot\spring-boot-starter-security\3.1.5\5609ddc1b11034278ca1174bfef45d0bea96f060\spring-boot-starter-security-3.1.5.jar;C:\Users\Bot_25\.gradle\caches\modules-2\files-2.1\org.springframework.boot\spring-boot-starter-websocket\3.1.5\468c4b82f9ec2fd45f937dc41949b182a0ca2896\spring-boot-starter-websocket-3.1.5.jar;C:\Users\Bot_25\.gradle\caches\modules-2\files-2.1\org.springframework.boot\spring-boot-starter-web\3.1.5\3674e5603cc25bc4dccf73b97d50234332fc3d72\spring-boot-starter-web-3.1.5.jar;C:\Users\Bot_25\.gradle\caches\modules-2\files-2.1\io.jsonwebtoken\jjwt-api\0.12.5\ea8243e36f16c2834ad69a048ed8a24aa9dd3e79\jjwt-api-0.12.5.jar;C:\Users\Bot_25\.gradle\caches\modules-2\files-2.1\com.google.zxing\javase\3.4.1\4eddd2ff030c0d4f368d3cc00131ff6a58bc88e0\javase-3.4.1.jar;C:\Users\Bot_25\.gradle\caches\modules-2\files-2.1\com.google.zxing\core\3.4.1\1869da97e9b2b60b5ff2fcaf55899174b93ae25d\core-3.4.1.jar;C:\Users\Bot_25\.gradle\caches\modules-2\files-2.1\org.modelmapper\modelmapper\3.2.0\7664b15466a898625b394af6000439c5799a5d2b\modelmapper-3.2.0.jar;C:\Users\Bot_25\.gradle\caches\modules-2\files-2.1\org.apache.pdfbox\pdfbox\2.0.27\416a9dfce3714116bfdf793b15368df04266845f\pdfbox-2.0.27.jar;C:\Users\Bot_25\.gradle\caches\modules-2\files-2.1\org.apache.poi\poi-ooxml\5.2.3\2efd11c940adb18c03eb9ce7ad88fc40ee6a196\poi-ooxml-5.2.3.jar;C:\Users\Bot_25\.gradle\caches\modules-2\files-2.1\org.apache.poi\poi\5.2.3\2fb22ae74ad5aea6af1a9c64b9542f2ccf348604\poi-5.2.3.jar;C:\Users\Bot_25\.gradle\caches\modules-2\files-2.1\org.springframework.boot\spring-boot-starter-mail\3.1.5\208e17ce03559c78cb5627f091ea29527583776f\spring-boot-starter-mail-3.1.5.jar;C:\Users\Bot_25\.gradle\caches\modules-2\files-2.1\org.springframework.boot\spring-boot-starter-aop\3.1.5\2ac1f8bf4c2bce13b46d04abafc69a4f1523a08\spring-boot-starter-aop-3.1.5.jar;C:\Users\Bot_25\.gradle\caches\modules-2\files-2.1\org.springframework.boot\spring-boot-starter-jdbc\3.1.5\138c0e0ab493d8a51bb51dfc3b7144d702ff4c26\spring-boot-starter-jdbc-3.1.5.jar;C:\Users\Bot_25\.gradle\caches\modules-2\files-2.1\org.hibernate.orm\hibernate-core\6.2.13.Final\de458672b40154ab9ecfe7466987ad1772167af8\hibernate-core-6.2.13.Final.jar;C:\Users\Bot_25\.gradle\caches\modules-2\files-2.1\org.springframework.data\spring-data-jpa\3.1.5\6de79da064f0b97c6448e0bfa5d63da9fb6e1582\spring-data-jpa-3.1.5.jar;C:\Users\Bot_25\.gradle\caches\modules-2\files-2.1\org.springframework\spring-aspects\6.0.13\59b1d3f507f5ed2e4ef357541c464925831bea9b\spring-aspects-6.0.13.jar;C:\Users\Bot_25\.gradle\caches\modules-2\files-2.1\org.springframework.boot\spring-boot-starter-json\3.1.5\36ce79c1a5c63ffd72b092eb312cb35ac6edb128\spring-boot-starter-json-3.1.5.jar;C:\Users\Bot_25\.gradle\caches\modules-2\files-2.1\org.springframework.boot\spring-boot-starter\3.1.5\a14cd17b86261933929566775d80c65b9f7440fc\spring-boot-starter-3.1.5.jar;C:\Users\Bot_25\.gradle\caches\modules-2\files-2.1\org.springframework.security\spring-security-config\6.1.5\be13612112c6400267c14320562078e8b50e65f6\spring-security-config-6.1.5.jar;C:\Users\Bot_25\.gradle\caches\modules-2\files-2.1\org.springframework.security\spring-security-web\6.1.5\51ebfc2c683feca057a1d9696d906fc77bd79db6\spring-security-web-6.1.5.jar;C:\Users\Bot_25\.gradle\caches\modules-2\files-2.1\org.springframework\spring-webmvc\6.0.13\df1230a7dde55b9ce9d72670b42d621dc2e481df\spring-webmvc-6.0.13.jar;C:\Users\Bot_25\.gradle\caches\modules-2\files-2.1\org.springframework\spring-websocket\6.0.13\c906e46e9440a349b6eac0b3f7625d15e33667b7\spring-websocket-6.0.13.jar;C:\Users\Bot_25\.gradle\caches\modules-2\files-2.1\org.springframework\spring-context-support\6.0.13\ef3d609ab7fff5308bf7090c7ddf6d66339c888e\spring-context-support-6.0.13.jar;C:\Users\Bot_25\.gradle\caches\modules-2\files-2.1\org.springframework.boot\spring-boot-autoconfigure\3.1.5\42a5b2ee98f700fba8d8c88d4af7b23266f1de0f\spring-boot-autoconfigure-3.1.5.jar;C:\Users\Bot_25\.gradle\caches\modules-2\files-2.1\org.springframework.boot\spring-boot\3.1.5\c188015a5a79f5df65e876dcfdef16148c45fe2c\spring-boot-3.1.5.jar;C:\Users\Bot_25\.gradle\caches\modules-2\files-2.1\org.springframework.security\spring-security-core\6.1.5\bc6fe788306b296c210db471a02d7d8f2ea4e7cd\spring-security-core-6.1.5.jar;C:\Users\Bot_25\.gradle\caches\modules-2\files-2.1\org.springframework\spring-context\6.0.13\4c49af6dde7fce9602049f952b45ca29f30e2a37\spring-context-6.0.13.jar;C:\Users\Bot_25\.gradle\caches\modules-2\files-2.1\org.springframework\spring-aop\6.0.13\aae1a18033787c9d324322f4470b12264e773e83\spring-aop-6.0.13.jar;C:\Users\Bot_25\.gradle\caches\modules-2\files-2.1\org.springframework.boot\spring-boot-starter-tomcat\3.1.5\4b362b923ec1ca080556c4e55fe4ae73cf5a84d7\spring-boot-starter-tomcat-3.1.5.jar;C:\Users\Bot_25\.gradle\caches\modules-2\files-2.1\org.springframework\spring-web\6.0.13\c374fcaf34d82d735a1dcf2c496f064488aa2b20\spring-web-6.0.13.jar;C:\Users\Bot_25\.gradle\caches\modules-2\files-2.1\com.beust\jcommander\1.78\a3927de9bd6f351429bcf763712c9890629d8f51\jcommander-1.78.jar;C:\Users\Bot_25\.gradle\caches\modules-2\files-2.1\org.apache.pdfbox\fontbox\2.0.27\d08c064d18b2b149da937d15c0d1708cba03f29d\fontbox-2.0.27.jar;C:\Users\Bot_25\.gradle\caches\modules-2\files-2.1\commons-logging\commons-logging\1.2\4bfc12adfe4842bf07b657f0369c4cb522955686\commons-logging-1.2.jar;C:\Users\Bot_25\.gradle\caches\modules-2\files-2.1\com.itextpdf\barcodes\7.2.3\d1f9f448ee48dbc740a1f072d76178bc71b49660\barcodes-7.2.3.jar;C:\Users\Bot_25\.gradle\caches\modules-2\files-2.1\com.itextpdf\font-asian\7.2.3\4b0034f03ef8cf7f9f2a134189ac32d39e757d6d\font-asian-7.2.3.jar;C:\Users\Bot_25\.gradle\caches\modules-2\files-2.1\com.itextpdf\sign\7.2.3\d13ca1d14c2f7ba1747d5c099264965d6cab2534\sign-7.2.3.jar;C:\Users\Bot_25\.gradle\caches\modules-2\files-2.1\com.itextpdf\forms\7.2.3\3a3c28f25ca319431feb4c090fddbdb4da4c35ef\forms-7.2.3.jar;C:\Users\Bot_25\.gradle\caches\modules-2\files-2.1\com.itextpdf\hyph\7.2.3\8ffca1ac823e3fae7a78f1f149d1a96b57bf620f\hyph-7.2.3.jar;C:\Users\Bot_25\.gradle\caches\modules-2\files-2.1\com.itextpdf\svg\7.2.3\99ed979471e14bbdd8e45cf0a6973883d7889acd\svg-7.2.3.jar;C:\Users\Bot_25\.gradle\caches\modules-2\files-2.1\com.itextpdf\styled-xml-parser\7.2.3\be3c35f6a1eff103125bee09a4a0817a0ac8785c\styled-xml-parser-7.2.3.jar;C:\Users\Bot_25\.gradle\caches\modules-2\files-2.1\com.itextpdf\layout\7.2.3\6bc960fed7c0cf42c16e05be52f854437d07c8ca\layout-7.2.3.jar;C:\Users\Bot_25\.gradle\caches\modules-2\files-2.1\com.itextpdf\pdfa\7.2.3\6fb81dd0d8cc57e5ca975f1ef229f4a29631aecf\pdfa-7.2.3.jar;C:\Users\Bot_25\.gradle\caches\modules-2\files-2.1\com.itextpdf\kernel\7.2.3\6b16936731b8b4edad337fe545dcc9c658f458cb\kernel-7.2.3.jar;C:\Users\Bot_25\.gradle\caches\modules-2\files-2.1\com.itextpdf\io\7.2.3\faf03720fea386589c7799d382b87904e3f09c09\io-7.2.3.jar;C:\Users\Bot_25\.gradle\caches\modules-2\files-2.1\commons-codec\commons-codec\1.15\49d94806b6e3dc933dacbd8acb0fdbab8ebd1e5d\commons-codec-1.15.jar;C:\Users\Bot_25\.gradle\caches\modules-2\files-2.1\org.apache.commons\commons-collections4\4.4\62ebe7544cb7164d87e0637a2a6a2bdc981395e8\commons-collections4-4.4.jar;C:\Users\Bot_25\.gradle\caches\modules-2\files-2.1\org.apache.commons\commons-math3\3.6.1\e4ba98f1d4b3c80ec46392f25e094a6a2e58fcbf\commons-math3-3.6.1.jar;C:\Users\Bot_25\.gradle\caches\modules-2\files-2.1\commons-io\commons-io\2.11.0\a2503f302b11ebde7ebc3df41daebe0e4eea3689\commons-io-2.11.0.jar;C:\Users\Bot_25\.gradle\caches\modules-2\files-2.1\com.zaxxer\SparseBitSet\1.2\8467c813d442837fcaeddbc42cf5c5359fab4933\SparseBitSet-1.2.jar;C:\Users\Bot_25\.gradle\caches\modules-2\files-2.1\org.apache.poi\poi-ooxml-lite\5.2.3\db113c8e9051b0ff967f4911fa20336c8325a7c5\poi-ooxml-lite-5.2.3.jar;C:\Users\Bot_25\.gradle\caches\modules-2\files-2.1\org.apache.xmlbeans\xmlbeans\5.1.1\48a369df0eccb509d46203104e4df9cb00f0f68b\xmlbeans-5.1.1.jar;C:\Users\Bot_25\.gradle\caches\modules-2\files-2.1\org.springframework.boot\spring-boot-starter-logging\3.1.5\8d8a91061baa4347d97a8fe15f3337d943badab\spring-boot-starter-logging-3.1.5.jar;C:\Users\Bot_25\.gradle\caches\modules-2\files-2.1\org.apache.logging.log4j\log4j-to-slf4j\2.20.0\d37f81f8978e2672bc32c82712ab4b3f66624adc\log4j-to-slf4j-2.20.0.jar;C:\Users\Bot_25\.gradle\caches\modules-2\files-2.1\org.apache.logging.log4j\log4j-api\2.20.0\1fe6082e660daf07c689a89c94dc0f49c26b44bb\log4j-api-2.20.0.jar;C:\Users\Bot_25\.gradle\caches\modules-2\files-2.1\org.apache.commons\commons-compress\1.21\4ec95b60d4e86b5c95a0e919cb172a0af98011ef\commons-compress-1.21.jar;C:\Users\Bot_25\.gradle\caches\modules-2\files-2.1\com.github.virtuald\curvesapi\1.07\863654849995f9d4f0ed2ed1a3870da3a108473c\curvesapi-1.07.jar;C:\Users\Bot_25\.gradle\caches\modules-2\files-2.1\org.springframework\spring-messaging\6.0.13\2b08222139c3a3697a4202351cf2795cfdc5bb2d\spring-messaging-6.0.13.jar;C:\Users\Bot_25\.gradle\caches\modules-2\files-2.1\org.eclipse.angus\jakarta.mail\1.1.0\b08fae3faa47b941f03a79b9bcb6c6ab9dee8b7a\jakarta.mail-1.1.0.jar;C:\Users\Bot_25\.gradle\caches\modules-2\files-2.1\org.aspectj\aspectjweaver\1.9.20\da562407e43f74c0f8f5f5df4065d85ec1736d01\aspectjweaver-1.9.20.jar;C:\Users\Bot_25\.gradle\caches\modules-2\files-2.1\com.zaxxer\HikariCP\5.0.1\a74c7f0a37046846e88d54f7cb6ea6d565c65f9c\HikariCP-5.0.1.jar;C:\Users\Bot_25\.gradle\caches\modules-2\files-2.1\org.springframework\spring-orm\6.0.13\604257dc4f28bf178c348a9e12068600838d61d2\spring-orm-6.0.13.jar;C:\Users\Bot_25\.gradle\caches\modules-2\files-2.1\org.springframework\spring-jdbc\6.0.13\67227f30eef525551983ad02071770ea685f2626\spring-jdbc-6.0.13.jar;C:\Users\Bot_25\.gradle\caches\modules-2\files-2.1\jakarta.persistence\jakarta.persistence-api\3.1.0\66901fa1c373c6aff65c13791cc11da72060a8d6\jakarta.persistence-api-3.1.0.jar;C:\Users\Bot_25\.gradle\caches\modules-2\files-2.1\jakarta.transaction\jakarta.transaction-api\2.0.1\51a520e3fae406abb84e2e1148e6746ce3f80a1a\jakarta.transaction-api-2.0.1.jar;C:\Users\Bot_25\.gradle\caches\modules-2\files-2.1\org.springframework.data\spring-data-commons\3.1.5\227d0b2dd185458c58e89b2a4696d1b752536a72\spring-data-commons-3.1.5.jar;C:\Users\Bot_25\.gradle\caches\modules-2\files-2.1\org.springframework\spring-tx\6.0.13\182219d97469f459e0c44033d5dc5260d042cfb\spring-tx-6.0.13.jar;C:\Users\Bot_25\.gradle\caches\modules-2\files-2.1\org.springframework\spring-beans\6.0.13\5b205c9f2fb07c1367db144ce7ab305f94300604\spring-beans-6.0.13.jar;C:\Users\Bot_25\.gradle\caches\modules-2\files-2.1\org.springframework\spring-expression\6.0.13\2bedffa4a3850bbbb652a31c47671824b17fbe01\spring-expression-6.0.13.jar;C:\Users\Bot_25\.gradle\caches\modules-2\files-2.1\org.springframework\spring-core\6.0.13\cd565c2408e37d2026822b871cd43e69da8ec40e\spring-core-6.0.13.jar;C:\Users\Bot_25\.gradle\caches\modules-2\files-2.1\org.antlr\antlr4-runtime\4.10.1\10839f875928f59c622d675091d51a43ea0dc5f7\antlr4-runtime-4.10.1.jar;C:\Users\Bot_25\.gradle\caches\modules-2\files-2.1\jakarta.annotation\jakarta.annotation-api\2.1.1\48b9bda22b091b1f48b13af03fe36db3be6e1ae3\jakarta.annotation-api-2.1.1.jar;C:\Users\Bot_25\.gradle\caches\modules-2\files-2.1\com.itextpdf\commons\7.2.3\80b8de54b492de054a7c23bbd4d5c0c3ee491ad8\commons-7.2.3.jar;C:\Users\Bot_25\.gradle\caches\modules-2\files-2.1\ch.qos.logback\logback-classic\1.4.11\54450c0c783e896a1a6d88c043bd2f1daba1c382\logback-classic-1.4.11.jar;C:\Users\Bot_25\.gradle\caches\modules-2\files-2.1\org.slf4j\jul-to-slf4j\2.0.9\9ef7c70b248185845f013f49a33ff9ca65b7975\jul-to-slf4j-2.0.9.jar;C:\Users\Bot_25\.gradle\caches\modules-2\files-2.1\org.slf4j\slf4j-api\2.0.9\7cf2726fdcfbc8610f9a71fb3ed639871f315340\slf4j-api-2.0.9.jar;C:\Users\Bot_25\.gradle\caches\modules-2\files-2.1\org.yaml\snakeyaml\1.33\2cd0a87ff7df953f810c344bdf2fe3340b954c69\snakeyaml-1.33.jar;C:\Users\Bot_25\.gradle\caches\modules-2\files-2.1\com.fasterxml.jackson.datatype\jackson-datatype-jsr310\2.15.3\4a20a0e104931bfa72f24ef358c2eb63f1ef2aaf\jackson-datatype-jsr310-2.15.3.jar;C:\Users\Bot_25\.gradle\caches\modules-2\files-2.1\com.fasterxml.jackson.module\jackson-module-parameter-names\2.15.3\8d251b90c5358677e7d8161e0c2488e6f84f49da\jackson-module-parameter-names-2.15.3.jar;C:\Users\Bot_25\.gradle\caches\modules-2\files-2.1\com.fasterxml.jackson.core\jackson-annotations\2.15.3\79baf4e605eb3bbb60b1c475d44a7aecceea1d60\jackson-annotations-2.15.3.jar;C:\Users\Bot_25\.gradle\caches\modules-2\files-2.1\com.fasterxml.jackson.core\jackson-core\2.15.3\60d600567c1862840397bf9ff5a92398edc5797b\jackson-core-2.15.3.jar;C:\Users\Bot_25\.gradle\caches\modules-2\files-2.1\com.fasterxml.jackson.datatype\jackson-datatype-jdk8\2.15.3\80158cb020c7bd4e4ba94d8d752a65729dc943b2\jackson-datatype-jdk8-2.15.3.jar;C:\Users\Bot_25\.gradle\caches\modules-2\files-2.1\com.fasterxml.jackson.core\jackson-databind\2.15.3\a734bc2c47a9453c4efa772461a3aeb273c010d9\jackson-databind-2.15.3.jar;C:\Users\Bot_25\.gradle\caches\modules-2\files-2.1\org.apache.tomcat.embed\tomcat-embed-websocket\10.1.15\14cc0999d4a5128dc9bb8862487aa8ed4cd7fcd8\tomcat-embed-websocket-10.1.15.jar;C:\Users\Bot_25\.gradle\caches\modules-2\files-2.1\org.apache.tomcat.embed\tomcat-embed-core\10.1.15\e3a725405f494abc0fd4f30263c2e6ad87052de1\tomcat-embed-core-10.1.15.jar;C:\Users\Bot_25\.gradle\caches\modules-2\files-2.1\org.apache.tomcat.embed\tomcat-embed-el\10.1.15\49e784ef48d5fc7bc48d7e2a7ceb57e88b4d58b7\tomcat-embed-el-10.1.15.jar;C:\Users\Bot_25\.gradle\caches\modules-2\files-2.1\io.micrometer\micrometer-observation\1.11.5\803f341121416365d1c438fe2a7290b146fadc92\micrometer-observation-1.11.5.jar;C:\Users\Bot_25\.gradle\caches\modules-2\files-2.1\org.bouncycastle\bcpkix-jdk15on\1.70\f81e5af49571a9d5a109a88f239a73ce87055417\bcpkix-jdk15on-1.70.jar;C:\Users\Bot_25\.gradle\caches\modules-2\files-2.1\org.bouncycastle\bcutil-jdk15on\1.70\54280e7195a7430d7911ded93fc01e07300b9526\bcutil-jdk15on-1.70.jar;C:\Users\Bot_25\.gradle\caches\modules-2\files-2.1\org.bouncycastle\bcprov-jdk15on\1.70\4636a0d01f74acaf28082fb62b317f1080118371\bcprov-jdk15on-1.70.jar;C:\Users\Bot_25\.gradle\caches\modules-2\files-2.1\jakarta.activation\jakarta.activation-api\2.1.2\640c0d5aff45dbff1e1a1bc09673ff3a02b1ba12\jakarta.activation-api-2.1.2.jar;C:\Users\Bot_25\.gradle\caches\modules-2\files-2.1\org.springframework\spring-jcl\6.0.13\91ea90f2de4c71dac3cff04882156b00cdca3e0d\spring-jcl-6.0.13.jar;C:\Users\Bot_25\.gradle\caches\modules-2\files-2.1\org.springframework.security\spring-security-crypto\6.1.5\971a767ef1ef6bea94486ac944f0e17b143dc680\spring-security-crypto-6.1.5.jar;C:\Users\Bot_25\.gradle\caches\modules-2\files-2.1\io.micrometer\micrometer-commons\1.11.5\3e708f737ba2674823201a836b5858482b183902\micrometer-commons-1.11.5.jar;C:\Users\Bot_25\.gradle\caches\modules-2\files-2.1\ch.qos.logback\logback-core\1.4.11\2f9f280219a9922a74200eaf7138c4c17fb87c0f\logback-core-1.4.11.jar;C:\Users\Bot_25\.gradle\caches\modules-2\files-2.1\org.springframework.boot\spring-boot-devtools\3.1.5\e7725476fbcd154d7ee5d85446cac2e16db1d818\spring-boot-devtools-3.1.5.jar;C:\Users\Bot_25\.gradle\caches\modules-2\files-2.1\io.jsonwebtoken\jjwt-impl\0.12.5\b4ceb5407a360e0eb7ba6fa6c6452abadf6c120a\jjwt-impl-0.12.5.jar;C:\Users\Bot_25\.gradle\caches\modules-2\files-2.1\io.jsonwebtoken\jjwt-jackson\0.12.5\1b3e39349c8508272760a7b4cdf6053083ed3f6\jjwt-jackson-0.12.5.jar;C:\Users\Bot_25\.gradle\caches\modules-2\files-2.1\com.mysql\mysql-connector-j\8.0.33\9e64d997873abc4318620264703d3fdb6b02dd5a\mysql-connector-j-8.0.33.jar;C:\Users\Bot_25\.gradle\caches\modules-2\files-2.1\com.github.jai-imageio\jai-imageio-core\1.4.0\fb6d79b929556362a241b2f65a04e538062f0077\jai-imageio-core-1.4.0.jar;C:\Users\Bot_25\.gradle\caches\modules-2\files-2.1\org.jboss.logging\jboss-logging\3.5.3.Final\c88fc1d8a96d4c3491f55d4317458ccad53ca663\jboss-logging-3.5.3.Final.jar;C:\Users\Bot_25\.gradle\caches\modules-2\files-2.1\org.hibernate.common\hibernate-commons-annotations\6.0.6.Final\77a5f94b56d49508e0ee334751db5b78e5ccd50c\hibernate-commons-annotations-6.0.6.Final.jar;C:\Users\Bot_25\.gradle\caches\modules-2\files-2.1\io.smallrye\jandex\3.0.5\c548a4871b552292dbdd65409d3fda145c8925c1\jandex-3.0.5.jar;C:\Users\Bot_25\.gradle\caches\modules-2\files-2.1\com.fasterxml\classmate\1.5.1\3fe0bed568c62df5e89f4f174c101eab25345b6c\classmate-1.5.1.jar;C:\Users\Bot_25\.gradle\caches\modules-2\files-2.1\net.bytebuddy\byte-buddy\1.14.9\b69e7fff6c473d3ed2b489cdfd673a091fd94226\byte-buddy-1.14.9.jar;C:\Users\Bot_25\.gradle\caches\modules-2\files-2.1\org.glassfish.jaxb\jaxb-runtime\4.0.3\93af25be25b2c92c83e0ce61cb8b3ed23568f316\jaxb-runtime-4.0.3.jar;C:\Users\Bot_25\.gradle\caches\modules-2\files-2.1\org.glassfish.jaxb\jaxb-core\4.0.3\e9093b4a82069a1d78ee9a3233ca387bca88861f\jaxb-core-4.0.3.jar;C:\Users\Bot_25\.gradle\caches\modules-2\files-2.1\jakarta.xml.bind\jakarta.xml.bind-api\4.0.1\ca2330866cbc624c7e5ce982e121db1125d23e15\jakarta.xml.bind-api-4.0.1.jar;C:\Users\Bot_25\.gradle\caches\modules-2\files-2.1\jakarta.inject\jakarta.inject-api\2.0.1\4c28afe1991a941d7702fe1362c365f0a8641d1e\jakarta.inject-api-2.0.1.jar;C:\Users\Bot_25\.gradle\caches\modules-2\files-2.1\org.eclipse.angus\angus-activation\2.0.1\eaafaf4eb71b400e4136fc3a286f50e34a68ecb7\angus-activation-2.0.1.jar;C:\Users\Bot_25\.gradle\caches\modules-2\files-2.1\org.glassfish.jaxb\txw2\4.0.3\47b8fe31c6d1a3382203af919400527389e01e9c\txw2-4.0.3.jar;C:\Users\Bot_25\.gradle\caches\modules-2\files-2.1\com.sun.istack\istack-commons-runtime\4.1.2\18ec117c85f3ba0ac65409136afa8e42bc74e739\istack-commons-runtime-4.1.2.jar
Launcher Type: SUN_STANDARD

[Global flags]
     intx CICompilerCount                          = 2                                         {product} {ergonomic}
     uint ConcGCThreads                            = 1                                         {product} {ergonomic}
     uint G1ConcRefinementThreads                  = 2                                         {product} {ergonomic}
   size_t G1HeapRegionSize                         = 1048576                                   {product} {ergonomic}
    uintx GCDrainStackTargetSize                   = 64                                        {product} {ergonomic}
   size_t InitialHeapSize                          = 134217728                                 {product} {ergonomic}
     bool ManagementServer                         = true                                      {product} {command line}
   size_t MarkStackSize                            = 4194304                                   {product} {ergonomic}
   size_t MaxHeapSize                              = 2126512128                                {product} {ergonomic}
   size_t MaxNewSize                               = 1275068416                                {product} {ergonomic}
   size_t MinHeapDeltaBytes                        = 1048576                                   {product} {ergonomic}
   size_t MinHeapSize                              = 8388608                                   {product} {ergonomic}
    uintx NonNMethodCodeHeapSize                   = 4096                                   {pd product} {ergonomic}
    uintx NonProfiledCodeHeapSize                  = 0                                      {pd product} {ergonomic}
     bool ProfileInterpreter                       = false                                  {pd product} {command line}
    uintx ProfiledCodeHeapSize                     = 0                                      {pd product} {ergonomic}
     bool ShowCodeDetailsInExceptionMessages       = true                                   {manageable} {command line}
   size_t SoftMaxHeapSize                          = 2126512128                             {manageable} {ergonomic}
     intx TieredStopAtLevel                        = 1                                         {product} {command line}
     bool UseCompressedOops                        = true                           {product lp64_product} {ergonomic}
     bool UseG1GC                                  = true                                      {product} {ergonomic}
     bool UseLargePagesIndividualAllocation        = false                                  {pd product} {ergonomic}

Logging:
Log output configuration:
 #0: stdout all=warning uptime,level,tags foldmultilines=false
 #1: stderr all=off uptime,level,tags foldmultilines=false

Environment Variables:
JAVA_HOME=C:\Program Files\Java\jdk-21
PATH=C:\Program Files\Common Files\Oracle\Java\javapath;C:\Windows\system32;C:\Windows;C:\Windows\System32\Wbem;C:\Windows\System32\WindowsPowerShell\v1.0\;C:\Windows\System32\OpenSSH\;C:\Program Files\nodejs\;C:\Program Files\Java\jdk-21;D:\python\Scripts\;D:\python\;C:\Users\Bot_25\AppData\Local\Programs\Python\Launcher\;C:\Users\Bot_25\AppData\Local\Microsoft\WindowsApps;D:\pycharm\bin;;C:\Users\Bot_25\AppData\Roaming\npm;C:\Users\Bot_25\AppData\Local\Programs\Microsoft VS Code\bin;C:\Users\Bot_25\AppData\Local\Programs\Git\cmd
USERNAME=Bot_25
OS=Windows_NT
PROCESSOR_IDENTIFIER=Intel64 Family 6 Model 60 Stepping 3, GenuineIntel
TMP=C:\Users\Bot_25\AppData\Local\Temp
TEMP=C:\Users\Bot_25\AppData\Local\Temp




Periodic native trim disabled

---------------  S Y S T E M  ---------------

OS:
 Windows 10 , 64 bit Build 19041 (10.0.19041.5438)
OS uptime: 1 days 17:42 hours

CPU: total 2 (initial active 2) (2 cores per cpu, 1 threads per core) family 6 model 60 stepping 3 microcode 0x27, cx8, cmov, fxsr, mmx, sse, sse2, sse3, ssse3, sse4.1, sse4.2, popcnt, lzcnt, tsc, tscinvbit, erms, clmul, clflush, rdtscp
Processor Information for all 2 processors :
  Max Mhz: 2800, Current Mhz: 2800, Mhz Limit: 2800

Memory: 4k page, system-wide physical 8109M (1602M free)
TotalPageFile size 17837M (AvailPageFile size 6228M)
current process WorkingSet (physical memory assigned to process): 337M, peak: 358M
current process commit charge ("private bytes"): 393M, peak: 419M

vm_info: Java HotSpot(TM) 64-Bit Server VM (21.0.6+8-LTS-188) for windows-amd64 JRE (21.0.6+8-LTS-188), built on 2024-12-03T10:50:54Z by "mach5one" with MS VC++ 17.6 (VS2022)

END.
